{"/home/travis/build/npmtest/node-npmtest-pem/test.js":{"path":"/home/travis/build/npmtest/node-npmtest-pem/test.js","s":{"1":2,"2":2,"3":2,"4":2,"5":2,"6":2,"7":2,"8":1,"9":2,"10":2,"11":1,"12":1,"13":1,"14":1,"15":2,"16":2,"17":2,"18":2,"19":1,"20":1,"21":2,"22":2,"23":2,"24":1,"25":1,"26":1,"27":1,"28":1,"29":1,"30":1,"31":1,"32":1,"33":1,"34":1,"35":1,"36":1,"37":1,"38":1,"39":2,"40":2,"41":1,"42":2,"43":2,"44":1,"45":2,"46":2,"47":1,"48":2,"49":2,"50":1,"51":1,"52":1,"53":1,"54":1},"b":{"1":[2,1,1,1],"2":[1,1,1,1],"3":[1,1],"4":[1,1],"5":[1,1],"6":[1,1],"7":[1,1],"8":[1,1],"9":[1,1],"10":[1,1,1],"11":[1,1],"12":[1,1],"13":[1,1],"14":[1,1],"15":[1,1],"16":[1,1],"17":[1,1]},"f":{"1":2,"2":2,"3":2,"4":2,"5":2,"6":1,"7":1,"8":1,"9":2,"10":2,"11":2,"12":2,"13":1},"fnMap":{"1":{"name":"(anonymous_1)","line":12,"loc":{"start":{"line":12,"column":1},"end":{"line":12,"column":13}}},"2":{"name":"(anonymous_2)","line":19,"loc":{"start":{"line":19,"column":5},"end":{"line":19,"column":17}}},"3":{"name":"(anonymous_3)","line":23,"loc":{"start":{"line":23,"column":24},"end":{"line":23,"column":36}}},"4":{"name":"(anonymous_4)","line":61,"loc":{"start":{"line":61,"column":5},"end":{"line":61,"column":17}}},"5":{"name":"(anonymous_5)","line":82,"loc":{"start":{"line":82,"column":5},"end":{"line":82,"column":17}}},"6":{"name":"(anonymous_6)","line":91,"loc":{"start":{"line":91,"column":77},"end":{"line":94,"column":10}}},"7":{"name":"(anonymous_7)","line":112,"loc":{"start":{"line":112,"column":83},"end":{"line":115,"column":10}},"skip":true},"8":{"name":"(anonymous_8)","line":123,"loc":{"start":{"line":123,"column":77},"end":{"line":126,"column":10}},"skip":true},"9":{"name":"(anonymous_9)","line":139,"loc":{"start":{"line":139,"column":12},"end":{"line":139,"column":40}},"skip":true},"10":{"name":"(anonymous_10)","line":147,"loc":{"start":{"line":147,"column":77},"end":{"line":150,"column":10}},"skip":true},"11":{"name":"(anonymous_11)","line":158,"loc":{"start":{"line":158,"column":83},"end":{"line":161,"column":10}},"skip":true},"12":{"name":"(anonymous_12)","line":169,"loc":{"start":{"line":169,"column":79},"end":{"line":172,"column":10}},"skip":true},"13":{"name":"(anonymous_13)","line":180,"loc":{"start":{"line":180,"column":75},"end":{"line":183,"column":10}},"skip":true}},"statementMap":{"1":{"start":{"line":12,"column":0},"end":{"line":195,"column":5}},"2":{"start":{"line":14,"column":4},"end":{"line":14,"column":14}},"3":{"start":{"line":19,"column":4},"end":{"line":56,"column":9}},"4":{"start":{"line":21,"column":8},"end":{"line":21,"column":19}},"5":{"start":{"line":23,"column":8},"end":{"line":35,"column":13}},"6":{"start":{"line":24,"column":12},"end":{"line":34,"column":13}},"7":{"start":{"line":25,"column":16},"end":{"line":28,"column":30}},"8":{"start":{"line":30,"column":16},"end":{"line":33,"column":27}},"9":{"start":{"line":37,"column":8},"end":{"line":39,"column":21}},"10":{"start":{"line":40,"column":8},"end":{"line":53,"column":9}},"11":{"start":{"line":43,"column":12},"end":{"line":46,"column":14}},"12":{"start":{"line":47,"column":12},"end":{"line":47,"column":18}},"13":{"start":{"line":50,"column":12},"end":{"line":51,"column":46}},"14":{"start":{"line":52,"column":12},"end":{"line":52,"column":18}},"15":{"start":{"line":55,"column":8},"end":{"line":55,"column":35}},"16":{"start":{"line":61,"column":4},"end":{"line":63,"column":9}},"17":{"start":{"line":62,"column":8},"end":{"line":62,"column":15}},"18":{"start":{"line":64,"column":4},"end":{"line":77,"column":5}},"19":{"start":{"line":70,"column":8},"end":{"line":70,"column":14}},"20":{"start":{"line":76,"column":8},"end":{"line":76,"column":14}},"21":{"start":{"line":82,"column":4},"end":{"line":84,"column":9}},"22":{"start":{"line":83,"column":8},"end":{"line":83,"column":15}},"23":{"start":{"line":85,"column":4},"end":{"line":194,"column":5}},"24":{"start":{"line":91,"column":8},"end":{"line":99,"column":10}},"25":{"start":{"line":98,"column":12},"end":{"line":98,"column":35}},"26":{"start":{"line":102,"column":8},"end":{"line":104,"column":63}},"27":{"start":{"line":105,"column":8},"end":{"line":105,"column":14}},"28":{"start":{"line":112,"column":8},"end":{"line":121,"column":10},"skip":true},"29":{"start":{"line":119,"column":12},"end":{"line":119,"column":55},"skip":true},"30":{"start":{"line":120,"column":12},"end":{"line":120,"column":48},"skip":true},"31":{"start":{"line":123,"column":8},"end":{"line":136,"column":10},"skip":true},"32":{"start":{"line":130,"column":12},"end":{"line":130,"column":76},"skip":true},"33":{"start":{"line":131,"column":12},"end":{"line":131,"column":73},"skip":true},"34":{"start":{"line":132,"column":12},"end":{"line":132,"column":74},"skip":true},"35":{"start":{"line":133,"column":12},"end":{"line":133,"column":79},"skip":true},"36":{"start":{"line":134,"column":12},"end":{"line":134,"column":25},"skip":true},"37":{"start":{"line":135,"column":12},"end":{"line":135,"column":45},"skip":true},"38":{"start":{"line":138,"column":8},"end":{"line":145,"column":14},"skip":true},"39":{"start":{"line":143,"column":16},"end":{"line":143,"column":29},"skip":true},"40":{"start":{"line":144,"column":16},"end":{"line":144,"column":55},"skip":true},"41":{"start":{"line":147,"column":8},"end":{"line":156,"column":10},"skip":true},"42":{"start":{"line":154,"column":12},"end":{"line":154,"column":25},"skip":true},"43":{"start":{"line":155,"column":12},"end":{"line":155,"column":45},"skip":true},"44":{"start":{"line":158,"column":8},"end":{"line":167,"column":10},"skip":true},"45":{"start":{"line":165,"column":12},"end":{"line":165,"column":25},"skip":true},"46":{"start":{"line":166,"column":12},"end":{"line":166,"column":48},"skip":true},"47":{"start":{"line":169,"column":8},"end":{"line":178,"column":10},"skip":true},"48":{"start":{"line":176,"column":12},"end":{"line":176,"column":25},"skip":true},"49":{"start":{"line":177,"column":12},"end":{"line":177,"column":46},"skip":true},"50":{"start":{"line":180,"column":8},"end":{"line":189,"column":10},"skip":true},"51":{"start":{"line":187,"column":12},"end":{"line":187,"column":94},"skip":true},"52":{"start":{"line":188,"column":12},"end":{"line":188,"column":48},"skip":true},"53":{"start":{"line":192,"column":8},"end":{"line":192,"column":35},"skip":true},"54":{"start":{"line":193,"column":8},"end":{"line":193,"column":14},"skip":true}},"branchMap":{"1":{"line":25,"type":"binary-expr","locations":[{"start":{"line":25,"column":23},"end":{"line":25,"column":62}},{"start":{"line":26,"column":20},"end":{"line":26,"column":70}},{"start":{"line":27,"column":20},"end":{"line":27,"column":71}},{"start":{"line":28,"column":20},"end":{"line":28,"column":29}}]},"2":{"line":30,"type":"binary-expr","locations":[{"start":{"line":30,"column":23},"end":{"line":30,"column":37}},{"start":{"line":31,"column":20},"end":{"line":31,"column":61}},{"start":{"line":32,"column":20},"end":{"line":32,"column":70}},{"start":{"line":33,"column":20},"end":{"line":33,"column":26}}]},"3":{"line":37,"type":"cond-expr","locations":[{"start":{"line":38,"column":14},"end":{"line":38,"column":20}},{"start":{"line":39,"column":14},"end":{"line":39,"column":20}}]},"4":{"line":40,"type":"switch","locations":[{"start":{"line":42,"column":8},"end":{"line":47,"column":18}},{"start":{"line":49,"column":8},"end":{"line":52,"column":18}}]},"5":{"line":44,"type":"binary-expr","locations":[{"start":{"line":44,"column":16},"end":{"line":44,"column":44}},{"start":{"line":44,"column":48},"end":{"line":44,"column":66}}]},"6":{"line":50,"type":"binary-expr","locations":[{"start":{"line":50,"column":21},"end":{"line":50,"column":49}},{"start":{"line":50,"column":53},"end":{"line":50,"column":72}}]},"7":{"line":64,"type":"switch","locations":[{"start":{"line":69,"column":4},"end":{"line":70,"column":14}},{"start":{"line":75,"column":4},"end":{"line":76,"column":14}}]},"8":{"line":85,"type":"switch","locations":[{"start":{"line":90,"column":4},"end":{"line":105,"column":14}},{"start":{"line":111,"column":4},"end":{"line":193,"column":14},"skip":true}]},"9":{"line":91,"type":"binary-expr","locations":[{"start":{"line":91,"column":42},"end":{"line":91,"column":73}},{"start":{"line":91,"column":77},"end":{"line":99,"column":9}}]},"10":{"line":102,"type":"binary-expr","locations":[{"start":{"line":102,"column":18},"end":{"line":102,"column":32}},{"start":{"line":103,"column":12},"end":{"line":103,"column":53}},{"start":{"line":104,"column":12},"end":{"line":104,"column":61}}]},"11":{"line":112,"type":"binary-expr","locations":[{"start":{"line":112,"column":45},"end":{"line":112,"column":79},"skip":true},{"start":{"line":112,"column":83},"end":{"line":121,"column":9},"skip":true}]},"12":{"line":123,"type":"binary-expr","locations":[{"start":{"line":123,"column":42},"end":{"line":123,"column":73},"skip":true},{"start":{"line":123,"column":77},"end":{"line":136,"column":9},"skip":true}]},"13":{"line":138,"type":"binary-expr","locations":[{"start":{"line":138,"column":48},"end":{"line":138,"column":85},"skip":true},{"start":{"line":139,"column":12},"end":{"line":145,"column":13},"skip":true}]},"14":{"line":147,"type":"binary-expr","locations":[{"start":{"line":147,"column":42},"end":{"line":147,"column":73},"skip":true},{"start":{"line":147,"column":77},"end":{"line":156,"column":9},"skip":true}]},"15":{"line":158,"type":"binary-expr","locations":[{"start":{"line":158,"column":45},"end":{"line":158,"column":79},"skip":true},{"start":{"line":158,"column":83},"end":{"line":167,"column":9},"skip":true}]},"16":{"line":169,"type":"binary-expr","locations":[{"start":{"line":169,"column":43},"end":{"line":169,"column":75},"skip":true},{"start":{"line":169,"column":79},"end":{"line":178,"column":9},"skip":true}]},"17":{"line":180,"type":"binary-expr","locations":[{"start":{"line":180,"column":41},"end":{"line":180,"column":71},"skip":true},{"start":{"line":180,"column":75},"end":{"line":189,"column":9},"skip":true}]}},"code":["/* istanbul instrument in package npmtest_pem */","/*jslint","    bitwise: true,","    browser: true,","    maxerr: 8,","    maxlen: 96,","    node: true,","    nomen: true,","    regexp: true,","    stupid: true","*/","(function () {","    'use strict';","    var local;","","","","    // run shared js-env code - pre-init","    (function () {","        // init local","        local = {};","        // init modeJs","        local.modeJs = (function () {","            try {","                return typeof navigator.userAgent === 'string' &&","                    typeof document.querySelector('body') === 'object' &&","                    typeof XMLHttpRequest.prototype.open === 'function' &&","                    'browser';","            } catch (errorCaughtBrowser) {","                return module.exports &&","                    typeof process.versions.node === 'string' &&","                    typeof require('http').createServer === 'function' &&","                    'node';","            }","        }());","        // init global","        local.global = local.modeJs === 'browser'","            ? window","            : global;","        switch (local.modeJs) {","        // re-init local from window.local","        case 'browser':","            local = local.global.utility2.objectSetDefault(","                local.global.utility2_rollup || local.global.local,","                local.global.utility2","            );","            break;","        // re-init local from example.js","        case 'node':","            local = (local.global.utility2_rollup || require('utility2'))","                .requireExampleJsFromReadme();","            break;","        }","        // export local","        local.global.local = local;","    }());","","","","    // run shared js-env code - function","    (function () {","        return;","    }());","    switch (local.modeJs) {","","","","    // run browser js-env code - function","    case 'browser':","        break;","","","","    // run node js-env code - function","    case 'node':","        break;","    }","","","","    // run shared js-env code - post-init","    (function () {","        return;","    }());","    switch (local.modeJs) {","","","","    // run browser js-env code - post-init","    case 'browser':","        local.testCase_browser_nullCase = local.testCase_browser_nullCase || function (","            options,","            onError","        ) {","        /*","         * this function will test browsers's null-case handling-behavior-behavior","         */","            onError(null, options);","        };","","        // run tests","        local.nop(local.modeTest &&","            document.querySelector('#testRunButton1') &&","            document.querySelector('#testRunButton1').click());","        break;","","","","    // run node js-env code - post-init","    /* istanbul ignore next */","    case 'node':","        local.testCase_buildApidoc_default = local.testCase_buildApidoc_default || function (","            options,","            onError","        ) {","        /*","         * this function will test buildApidoc's default handling-behavior-behavior","         */","            options = { modulePathList: module.paths };","            local.buildApidoc(options, onError);","        };","","        local.testCase_buildApp_default = local.testCase_buildApp_default || function (","            options,","            onError","        ) {","        /*","         * this function will test buildApp's default handling-behavior-behavior","         */","            local.testCase_buildReadme_default(options, local.onErrorThrow);","            local.testCase_buildLib_default(options, local.onErrorThrow);","            local.testCase_buildTest_default(options, local.onErrorThrow);","            local.testCase_buildCustomOrg_default(options, local.onErrorThrow);","            options = [];","            local.buildApp(options, onError);","        };","","        local.testCase_buildCustomOrg_default = local.testCase_buildCustomOrg_default ||","            function (options, onError) {","            /*","             * this function will test buildCustomOrg's default handling-behavior","             */","                options = {};","                local.buildCustomOrg(options, onError);","            };","","        local.testCase_buildLib_default = local.testCase_buildLib_default || function (","            options,","            onError","        ) {","        /*","         * this function will test buildLib's default handling-behavior","         */","            options = {};","            local.buildLib(options, onError);","        };","","        local.testCase_buildReadme_default = local.testCase_buildReadme_default || function (","            options,","            onError","        ) {","        /*","         * this function will test buildReadme's default handling-behavior-behavior","         */","            options = {};","            local.buildReadme(options, onError);","        };","","        local.testCase_buildTest_default = local.testCase_buildTest_default || function (","            options,","            onError","        ) {","        /*","         * this function will test buildTest's default handling-behavior","         */","            options = {};","            local.buildTest(options, onError);","        };","","        local.testCase_webpage_default = local.testCase_webpage_default || function (","            options,","            onError","        ) {","        /*","         * this function will test webpage's default handling-behavior","         */","            options = { modeCoverageMerge: true, url: local.serverLocalHost + '?modeTest=1' };","            local.browserTest(options, onError);","        };","","        // run test-server","        local.testRunServer(local);","        break;","    }","}());",""],"l":{"12":2,"14":2,"19":2,"21":2,"23":2,"24":2,"25":2,"30":1,"37":2,"40":2,"43":1,"47":1,"50":1,"52":1,"55":2,"61":2,"62":2,"64":2,"70":1,"76":1,"82":2,"83":2,"85":2,"91":1,"98":1,"102":1,"105":1,"112":1,"119":1,"120":1,"123":1,"130":1,"131":1,"132":1,"133":1,"134":1,"135":1,"138":1,"143":2,"144":2,"147":1,"154":2,"155":2,"158":1,"165":2,"166":2,"169":1,"176":2,"177":2,"180":1,"187":1,"188":1,"192":1,"193":1}},"/home/travis/build/npmtest/node-npmtest-pem/lib.npmtest_pem.js":{"path":"/home/travis/build/npmtest/node-npmtest-pem/lib.npmtest_pem.js","s":{"1":2,"2":2,"3":2,"4":2,"5":2,"6":2,"7":2,"8":1,"9":2,"10":2,"11":2,"12":2,"13":1,"14":1,"15":1,"16":1},"b":{"1":[2,1,1,1],"2":[1,1,1,1],"3":[1,1],"4":[2,2],"5":[1,1]},"f":{"1":2,"2":2,"3":2},"fnMap":{"1":{"name":"(anonymous_1)","line":12,"loc":{"start":{"line":12,"column":1},"end":{"line":12,"column":13}}},"2":{"name":"(anonymous_2)","line":19,"loc":{"start":{"line":19,"column":5},"end":{"line":19,"column":17}}},"3":{"name":"(anonymous_3)","line":23,"loc":{"start":{"line":23,"column":24},"end":{"line":23,"column":36}}}},"statementMap":{"1":{"start":{"line":12,"column":0},"end":{"line":53,"column":5}},"2":{"start":{"line":14,"column":4},"end":{"line":14,"column":14}},"3":{"start":{"line":19,"column":4},"end":{"line":52,"column":9}},"4":{"start":{"line":21,"column":8},"end":{"line":21,"column":19}},"5":{"start":{"line":23,"column":8},"end":{"line":35,"column":13}},"6":{"start":{"line":24,"column":12},"end":{"line":34,"column":13}},"7":{"start":{"line":25,"column":16},"end":{"line":28,"column":30}},"8":{"start":{"line":30,"column":16},"end":{"line":33,"column":27}},"9":{"start":{"line":37,"column":8},"end":{"line":39,"column":21}},"10":{"start":{"line":41,"column":8},"end":{"line":41,"column":54}},"11":{"start":{"line":43,"column":8},"end":{"line":43,"column":48}},"12":{"start":{"line":45,"column":8},"end":{"line":51,"column":9}},"13":{"start":{"line":46,"column":12},"end":{"line":46,"column":54}},"14":{"start":{"line":48,"column":12},"end":{"line":48,"column":35}},"15":{"start":{"line":49,"column":12},"end":{"line":49,"column":49}},"16":{"start":{"line":50,"column":12},"end":{"line":50,"column":43}}},"branchMap":{"1":{"line":25,"type":"binary-expr","locations":[{"start":{"line":25,"column":23},"end":{"line":25,"column":62}},{"start":{"line":26,"column":20},"end":{"line":26,"column":70}},{"start":{"line":27,"column":20},"end":{"line":27,"column":71}},{"start":{"line":28,"column":20},"end":{"line":28,"column":29}}]},"2":{"line":30,"type":"binary-expr","locations":[{"start":{"line":30,"column":23},"end":{"line":30,"column":37}},{"start":{"line":31,"column":20},"end":{"line":31,"column":61}},{"start":{"line":32,"column":20},"end":{"line":32,"column":70}},{"start":{"line":33,"column":20},"end":{"line":33,"column":26}}]},"3":{"line":37,"type":"cond-expr","locations":[{"start":{"line":38,"column":14},"end":{"line":38,"column":20}},{"start":{"line":39,"column":14},"end":{"line":39,"column":20}}]},"4":{"line":41,"type":"binary-expr","locations":[{"start":{"line":41,"column":16},"end":{"line":41,"column":44}},{"start":{"line":41,"column":48},"end":{"line":41,"column":53}}]},"5":{"line":45,"type":"if","locations":[{"start":{"line":45,"column":8},"end":{"line":45,"column":8}},{"start":{"line":45,"column":8},"end":{"line":45,"column":8}}]}},"code":["/* istanbul instrument in package npmtest_pem */","/*jslint","    bitwise: true,","    browser: true,","    maxerr: 8,","    maxlen: 96,","    node: true,","    nomen: true,","    regexp: true,","    stupid: true","*/","(function () {","    'use strict';","    var local;","","","","    // run shared js-env code - pre-init","    (function () {","        // init local","        local = {};","        // init modeJs","        local.modeJs = (function () {","            try {","                return typeof navigator.userAgent === 'string' &&","                    typeof document.querySelector('body') === 'object' &&","                    typeof XMLHttpRequest.prototype.open === 'function' &&","                    'browser';","            } catch (errorCaughtBrowser) {","                return module.exports &&","                    typeof process.versions.node === 'string' &&","                    typeof require('http').createServer === 'function' &&","                    'node';","            }","        }());","        // init global","        local.global = local.modeJs === 'browser'","            ? window","            : global;","        // init utility2_rollup","        local = local.global.utility2_rollup || local;","        // init lib","        local.local = local.npmtest_pem = local;","        // init exports","        if (local.modeJs === 'browser') {","            local.global.utility2_npmtest_pem = local;","        } else {","            module.exports = local;","            module.exports.__dirname = __dirname;","            module.exports.module = module;","        }","    }());","}());",""],"l":{"12":2,"14":2,"19":2,"21":2,"23":2,"24":2,"25":2,"30":1,"37":2,"41":2,"43":2,"45":2,"46":1,"48":1,"49":1,"50":1}},"/home/travis/build/npmtest/node-npmtest-pem/example.js":{"path":"/home/travis/build/npmtest/node-npmtest-pem/example.js","s":{"1":2,"2":2,"3":2,"4":2,"5":2,"6":2,"7":2,"8":1,"9":2,"10":2,"11":2,"12":2,"13":1,"14":2,"15":2,"16":2,"17":2,"18":2,"19":0,"20":2,"21":1,"22":1,"23":1,"24":1,"25":1,"26":0,"27":0,"28":1,"29":1,"30":2,"31":0,"32":0,"33":0,"34":1,"35":2,"36":2,"37":3,"38":3,"39":3,"40":3,"41":0,"42":3,"43":3,"44":3,"45":1,"46":3,"47":1,"48":1,"49":1,"50":1,"51":1,"52":1,"53":1,"54":1,"55":1,"56":1,"57":0,"58":1,"59":6,"60":6,"61":1,"62":2,"63":0,"64":2,"65":1,"66":1,"67":0,"68":0,"69":0,"70":0,"71":0,"72":0,"73":0,"74":0,"75":0,"76":0,"77":0,"78":0,"79":0,"80":0,"81":0,"82":0,"83":0},"b":{"1":[2,1,1,1],"2":[1,1,1,1],"3":[1,1],"4":[2,2],"5":[1,1],"6":[1,1],"7":[2,0],"8":[2,1,1,1,1,1],"9":[0,2,0],"10":[1,1],"11":[2,1,1],"12":[1,0],"13":[0,2],"14":[2,0,0,0,0,0,0],"15":[0,3],"16":[3,0],"17":[1,1],"18":[0,1],"19":[1,2,0,2],"20":[1,0],"21":[1,1],"22":[0,0],"23":[0,0],"24":[0,0],"25":[0,0],"26":[0,0],"27":[0,0],"28":[0,0]},"f":{"1":2,"2":2,"3":2,"4":2,"5":2,"6":2,"7":3,"8":3,"9":3,"10":1,"11":6,"12":0},"fnMap":{"1":{"name":"(anonymous_1)","line":26,"loc":{"start":{"line":26,"column":1},"end":{"line":26,"column":13}}},"2":{"name":"(anonymous_2)","line":33,"loc":{"start":{"line":33,"column":5},"end":{"line":33,"column":17}}},"3":{"name":"(anonymous_3)","line":37,"loc":{"start":{"line":37,"column":24},"end":{"line":37,"column":36}}},"4":{"name":"(anonymous_4)","line":69,"loc":{"start":{"line":69,"column":31},"end":{"line":69,"column":48}},"skip":true},"5":{"name":"(anonymous_5)","line":78,"loc":{"start":{"line":78,"column":26},"end":{"line":78,"column":45}},"skip":true},"6":{"name":"(anonymous_6)","line":123,"loc":{"start":{"line":123,"column":33},"end":{"line":123,"column":48}},"skip":true},"7":{"name":"(anonymous_7)","line":125,"loc":{"start":{"line":125,"column":27},"end":{"line":125,"column":39}},"skip":true},"8":{"name":"(anonymous_8)","line":133,"loc":{"start":{"line":133,"column":59},"end":{"line":133,"column":74}},"skip":true},"9":{"name":"(anonymous_9)","line":143,"loc":{"start":{"line":143,"column":45},"end":{"line":143,"column":62}},"skip":true},"10":{"name":"(anonymous_10)","line":144,"loc":{"start":{"line":144,"column":73},"end":{"line":144,"column":92}},"skip":true},"11":{"name":"(anonymous_11)","line":272,"loc":{"start":{"line":272,"column":51},"end":{"line":272,"column":77}},"skip":true},"12":{"name":"(anonymous_12)","line":315,"loc":{"start":{"line":315,"column":32},"end":{"line":315,"column":61}},"skip":true}},"statementMap":{"1":{"start":{"line":26,"column":0},"end":{"line":326,"column":5}},"2":{"start":{"line":28,"column":4},"end":{"line":28,"column":14}},"3":{"start":{"line":33,"column":4},"end":{"line":60,"column":9}},"4":{"start":{"line":35,"column":8},"end":{"line":35,"column":19}},"5":{"start":{"line":37,"column":8},"end":{"line":49,"column":13}},"6":{"start":{"line":38,"column":12},"end":{"line":48,"column":13}},"7":{"start":{"line":39,"column":16},"end":{"line":42,"column":30}},"8":{"start":{"line":44,"column":16},"end":{"line":47,"column":27}},"9":{"start":{"line":51,"column":8},"end":{"line":53,"column":21}},"10":{"start":{"line":55,"column":8},"end":{"line":57,"column":45}},"11":{"start":{"line":59,"column":8},"end":{"line":59,"column":35}},"12":{"start":{"line":61,"column":4},"end":{"line":325,"column":5}},"13":{"start":{"line":69,"column":8},"end":{"line":121,"column":10},"skip":true},"14":{"start":{"line":70,"column":12},"end":{"line":88,"column":13},"skip":true},"15":{"start":{"line":76,"column":16},"end":{"line":87,"column":19},"skip":true},"16":{"start":{"line":79,"column":20},"end":{"line":86,"column":21},"skip":true},"17":{"start":{"line":82,"column":24},"end":{"line":82,"column":43},"skip":true},"18":{"start":{"line":83,"column":24},"end":{"line":83,"column":30},"skip":true},"19":{"start":{"line":85,"column":24},"end":{"line":85,"column":49},"skip":true},"20":{"start":{"line":89,"column":12},"end":{"line":107,"column":13},"skip":true},"21":{"start":{"line":92,"column":16},"end":{"line":102,"column":17},"skip":true},"22":{"start":{"line":93,"column":20},"end":{"line":93,"column":86},"skip":true},"23":{"start":{"line":94,"column":20},"end":{"line":95,"column":45},"skip":true},"24":{"start":{"line":96,"column":20},"end":{"line":96,"column":42},"skip":true},"25":{"start":{"line":97,"column":20},"end":{"line":97,"column":48},"skip":true},"26":{"start":{"line":100,"column":20},"end":{"line":100,"column":85},"skip":true},"27":{"start":{"line":101,"column":20},"end":{"line":101,"column":96},"skip":true},"28":{"start":{"line":103,"column":16},"end":{"line":103,"column":22},"skip":true},"29":{"start":{"line":106,"column":16},"end":{"line":106,"column":22},"skip":true},"30":{"start":{"line":108,"column":12},"end":{"line":120,"column":13},"skip":true},"31":{"start":{"line":114,"column":16},"end":{"line":119,"column":17},"skip":true},"32":{"start":{"line":116,"column":20},"end":{"line":116,"column":78},"skip":true},"33":{"start":{"line":118,"column":20},"end":{"line":118,"column":47},"skip":true},"34":{"start":{"line":123,"column":8},"end":{"line":141,"column":11},"skip":true},"35":{"start":{"line":124,"column":12},"end":{"line":124,"column":54},"skip":true},"36":{"start":{"line":125,"column":12},"end":{"line":140,"column":14},"skip":true},"37":{"start":{"line":126,"column":16},"end":{"line":126,"column":28},"skip":true},"38":{"start":{"line":127,"column":16},"end":{"line":127,"column":69},"skip":true},"39":{"start":{"line":128,"column":16},"end":{"line":128,"column":75},"skip":true},"40":{"start":{"line":129,"column":16},"end":{"line":131,"column":17},"skip":true},"41":{"start":{"line":130,"column":20},"end":{"line":130,"column":27},"skip":true},"42":{"start":{"line":133,"column":16},"end":{"line":137,"column":36},"skip":true},"43":{"start":{"line":134,"column":20},"end":{"line":136,"column":55},"skip":true},"44":{"start":{"line":139,"column":16},"end":{"line":139,"column":57},"skip":true},"45":{"start":{"line":143,"column":8},"end":{"line":147,"column":11},"skip":true},"46":{"start":{"line":144,"column":12},"end":{"line":146,"column":15},"skip":true},"47":{"start":{"line":145,"column":16},"end":{"line":145,"column":70},"skip":true},"48":{"start":{"line":149,"column":8},"end":{"line":149,"column":31},"skip":true},"49":{"start":{"line":150,"column":8},"end":{"line":150,"column":14},"skip":true},"50":{"start":{"line":158,"column":8},"end":{"line":158,"column":31},"skip":true},"51":{"start":{"line":160,"column":8},"end":{"line":160,"column":33},"skip":true},"52":{"start":{"line":161,"column":8},"end":{"line":161,"column":37},"skip":true},"53":{"start":{"line":162,"column":8},"end":{"line":162,"column":35},"skip":true},"54":{"start":{"line":164,"column":8},"end":{"line":164,"column":50},"skip":true},"55":{"start":{"line":166,"column":8},"end":{"line":256,"column":2},"skip":true},"56":{"start":{"line":258,"column":8},"end":{"line":286,"column":9},"skip":true},"57":{"start":{"line":259,"column":12},"end":{"line":269,"column":14},"skip":true},"58":{"start":{"line":271,"column":12},"end":{"line":285,"column":19},"skip":true},"59":{"start":{"line":274,"column":20},"end":{"line":274,"column":35},"skip":true},"60":{"start":{"line":275,"column":20},"end":{"line":284,"column":21},"skip":true},"61":{"start":{"line":277,"column":24},"end":{"line":277,"column":64},"skip":true},"62":{"start":{"line":279,"column":24},"end":{"line":279,"column":40},"skip":true},"63":{"start":{"line":281,"column":24},"end":{"line":281,"column":40},"skip":true},"64":{"start":{"line":283,"column":24},"end":{"line":283,"column":39},"skip":true},"65":{"start":{"line":288,"column":8},"end":{"line":290,"column":9},"skip":true},"66":{"start":{"line":289,"column":12},"end":{"line":289,"column":18},"skip":true},"67":{"start":{"line":291,"column":8},"end":{"line":293,"column":54},"skip":true},"68":{"start":{"line":296,"column":8},"end":{"line":301,"column":37},"skip":true},"69":{"start":{"line":303,"column":8},"end":{"line":303,"column":82},"skip":true},"70":{"start":{"line":306,"column":8},"end":{"line":308,"column":9},"skip":true},"71":{"start":{"line":307,"column":12},"end":{"line":307,"column":82},"skip":true},"72":{"start":{"line":310,"column":8},"end":{"line":312,"column":9},"skip":true},"73":{"start":{"line":311,"column":12},"end":{"line":311,"column":18},"skip":true},"74":{"start":{"line":313,"column":8},"end":{"line":313,"column":54},"skip":true},"75":{"start":{"line":314,"column":8},"end":{"line":314,"column":69},"skip":true},"76":{"start":{"line":315,"column":8},"end":{"line":323,"column":36},"skip":true},"77":{"start":{"line":316,"column":12},"end":{"line":316,"column":61},"skip":true},"78":{"start":{"line":317,"column":12},"end":{"line":320,"column":13},"skip":true},"79":{"start":{"line":318,"column":16},"end":{"line":318,"column":75},"skip":true},"80":{"start":{"line":319,"column":16},"end":{"line":319,"column":23},"skip":true},"81":{"start":{"line":321,"column":12},"end":{"line":321,"column":38},"skip":true},"82":{"start":{"line":322,"column":12},"end":{"line":322,"column":27},"skip":true},"83":{"start":{"line":324,"column":8},"end":{"line":324,"column":14},"skip":true}},"branchMap":{"1":{"line":39,"type":"binary-expr","locations":[{"start":{"line":39,"column":23},"end":{"line":39,"column":62}},{"start":{"line":40,"column":20},"end":{"line":40,"column":70}},{"start":{"line":41,"column":20},"end":{"line":41,"column":71}},{"start":{"line":42,"column":20},"end":{"line":42,"column":29}}]},"2":{"line":44,"type":"binary-expr","locations":[{"start":{"line":44,"column":23},"end":{"line":44,"column":37}},{"start":{"line":45,"column":20},"end":{"line":45,"column":61}},{"start":{"line":46,"column":20},"end":{"line":46,"column":70}},{"start":{"line":47,"column":20},"end":{"line":47,"column":26}}]},"3":{"line":51,"type":"cond-expr","locations":[{"start":{"line":52,"column":14},"end":{"line":52,"column":20}},{"start":{"line":53,"column":14},"end":{"line":53,"column":20}}]},"4":{"line":55,"type":"binary-expr","locations":[{"start":{"line":55,"column":16},"end":{"line":55,"column":44}},{"start":{"line":55,"column":49},"end":{"line":57,"column":43}}]},"5":{"line":55,"type":"cond-expr","locations":[{"start":{"line":56,"column":14},"end":{"line":56,"column":47}},{"start":{"line":57,"column":14},"end":{"line":57,"column":43}}]},"6":{"line":61,"type":"switch","locations":[{"start":{"line":68,"column":4},"end":{"line":150,"column":14},"skip":true},{"start":{"line":156,"column":4},"end":{"line":324,"column":14},"skip":true}]},"7":{"line":70,"type":"if","locations":[{"start":{"line":70,"column":12},"end":{"line":70,"column":12},"skip":true},{"start":{"line":70,"column":12},"end":{"line":70,"column":12},"skip":true}]},"8":{"line":70,"type":"binary-expr","locations":[{"start":{"line":70,"column":16},"end":{"line":70,"column":22},"skip":true},{"start":{"line":70,"column":27},"end":{"line":70,"column":32},"skip":true},{"start":{"line":71,"column":20},"end":{"line":71,"column":39},"skip":true},{"start":{"line":72,"column":20},"end":{"line":72,"column":49},"skip":true},{"start":{"line":73,"column":20},"end":{"line":73,"column":58},"skip":true},{"start":{"line":74,"column":20},"end":{"line":74,"column":69},"skip":true}]},"9":{"line":79,"type":"switch","locations":[{"start":{"line":80,"column":20},"end":{"line":80,"column":33},"skip":true},{"start":{"line":81,"column":20},"end":{"line":83,"column":30},"skip":true},{"start":{"line":84,"column":20},"end":{"line":85,"column":49},"skip":true}]},"10":{"line":89,"type":"switch","locations":[{"start":{"line":90,"column":12},"end":{"line":103,"column":22},"skip":true},{"start":{"line":105,"column":12},"end":{"line":106,"column":22},"skip":true}]},"11":{"line":89,"type":"binary-expr","locations":[{"start":{"line":89,"column":20},"end":{"line":89,"column":25},"skip":true},{"start":{"line":89,"column":29},"end":{"line":89,"column":48},"skip":true},{"start":{"line":89,"column":52},"end":{"line":89,"column":74},"skip":true}]},"12":{"line":92,"type":"if","locations":[{"start":{"line":92,"column":16},"end":{"line":92,"column":16},"skip":true},{"start":{"line":92,"column":16},"end":{"line":92,"column":16},"skip":true}]},"13":{"line":108,"type":"if","locations":[{"start":{"line":108,"column":12},"end":{"line":108,"column":12},"skip":true},{"start":{"line":108,"column":12},"end":{"line":108,"column":12},"skip":true}]},"14":{"line":108,"type":"binary-expr","locations":[{"start":{"line":108,"column":16},"end":{"line":108,"column":61},"skip":true},{"start":{"line":108,"column":66},"end":{"line":108,"column":72},"skip":true},{"start":{"line":108,"column":77},"end":{"line":108,"column":82},"skip":true},{"start":{"line":109,"column":20},"end":{"line":109,"column":39},"skip":true},{"start":{"line":110,"column":20},"end":{"line":110,"column":49},"skip":true},{"start":{"line":111,"column":20},"end":{"line":111,"column":58},"skip":true},{"start":{"line":112,"column":20},"end":{"line":112,"column":68},"skip":true}]},"15":{"line":129,"type":"if","locations":[{"start":{"line":129,"column":16},"end":{"line":129,"column":16},"skip":true},{"start":{"line":129,"column":16},"end":{"line":129,"column":16},"skip":true}]},"16":{"line":134,"type":"cond-expr","locations":[{"start":{"line":135,"column":26},"end":{"line":135,"column":29},"skip":true},{"start":{"line":136,"column":26},"end":{"line":136,"column":54},"skip":true}]},"17":{"line":164,"type":"binary-expr","locations":[{"start":{"line":164,"column":27},"end":{"line":164,"column":43},"skip":true},{"start":{"line":164,"column":47},"end":{"line":164,"column":49},"skip":true}]},"18":{"line":258,"type":"if","locations":[{"start":{"line":258,"column":8},"end":{"line":258,"column":8},"skip":true},{"start":{"line":258,"column":8},"end":{"line":258,"column":8},"skip":true}]},"19":{"line":275,"type":"switch","locations":[{"start":{"line":276,"column":20},"end":{"line":277,"column":64},"skip":true},{"start":{"line":278,"column":20},"end":{"line":279,"column":40},"skip":true},{"start":{"line":280,"column":20},"end":{"line":281,"column":40},"skip":true},{"start":{"line":282,"column":20},"end":{"line":283,"column":39},"skip":true}]},"20":{"line":288,"type":"if","locations":[{"start":{"line":288,"column":8},"end":{"line":288,"column":8},"skip":true},{"start":{"line":288,"column":8},"end":{"line":288,"column":8},"skip":true}]},"21":{"line":288,"type":"binary-expr","locations":[{"start":{"line":288,"column":12},"end":{"line":288,"column":40},"skip":true},{"start":{"line":288,"column":44},"end":{"line":288,"column":67},"skip":true}]},"22":{"line":292,"type":"binary-expr","locations":[{"start":{"line":292,"column":12},"end":{"line":292,"column":50},"skip":true},{"start":{"line":293,"column":12},"end":{"line":293,"column":53},"skip":true}]},"23":{"line":297,"type":"binary-expr","locations":[{"start":{"line":297,"column":12},"end":{"line":297,"column":61},"skip":true},{"start":{"line":298,"column":12},"end":{"line":301,"column":36},"skip":true}]},"24":{"line":303,"type":"binary-expr","locations":[{"start":{"line":303,"column":43},"end":{"line":303,"column":75},"skip":true},{"start":{"line":303,"column":79},"end":{"line":303,"column":81},"skip":true}]},"25":{"line":306,"type":"if","locations":[{"start":{"line":306,"column":8},"end":{"line":306,"column":8},"skip":true},{"start":{"line":306,"column":8},"end":{"line":306,"column":8},"skip":true}]},"26":{"line":310,"type":"if","locations":[{"start":{"line":310,"column":8},"end":{"line":310,"column":8},"skip":true},{"start":{"line":310,"column":8},"end":{"line":310,"column":8},"skip":true}]},"27":{"line":313,"type":"binary-expr","locations":[{"start":{"line":313,"column":27},"end":{"line":313,"column":43},"skip":true},{"start":{"line":313,"column":47},"end":{"line":313,"column":53},"skip":true}]},"28":{"line":317,"type":"if","locations":[{"start":{"line":317,"column":12},"end":{"line":317,"column":12},"skip":true},{"start":{"line":317,"column":12},"end":{"line":317,"column":12},"skip":true}]}},"code":["/*","example.js","","quickstart example","","instruction","    1. save this script as example.js","    2. run the shell command:","        $ npm install npmtest-pem && PORT=8081 node example.js","    3. play with the browser-demo on http://127.0.0.1:8081","*/","","","","/* istanbul instrument in package npmtest_pem */","/*jslint","    bitwise: true,","    browser: true,","    maxerr: 8,","    maxlen: 96,","    node: true,","    nomen: true,","    regexp: true,","    stupid: true","*/","(function () {","    'use strict';","    var local;","","","","    // run shared js-env code - pre-init","    (function () {","        // init local","        local = {};","        // init modeJs","        local.modeJs = (function () {","            try {","                return typeof navigator.userAgent === 'string' &&","                    typeof document.querySelector('body') === 'object' &&","                    typeof XMLHttpRequest.prototype.open === 'function' &&","                    'browser';","            } catch (errorCaughtBrowser) {","                return module.exports &&","                    typeof process.versions.node === 'string' &&","                    typeof require('http').createServer === 'function' &&","                    'node';","            }","        }());","        // init global","        local.global = local.modeJs === 'browser'","            ? window","            : global;","        // init utility2_rollup","        local = local.global.utility2_rollup || (local.modeJs === 'browser'","            ? local.global.utility2_npmtest_pem","            : global.utility2_moduleExports);","        // export local","        local.global.local = local;","    }());","    switch (local.modeJs) {","","","","    // post-init","    // run browser js-env code - post-init","    /* istanbul ignore next */","    case 'browser':","        local.testRunBrowser = function (event) {","            if (!event || (event &&","                    event.currentTarget &&","                    event.currentTarget.className &&","                    event.currentTarget.className.includes &&","                    event.currentTarget.className.includes('onreset'))) {","                // reset output","                Array.from(","                    document.querySelectorAll('body > .resettable')","                ).forEach(function (element) {","                    switch (element.tagName) {","                    case 'INPUT':","                    case 'TEXTAREA':","                        element.value = '';","                        break;","                    default:","                        element.textContent = '';","                    }","                });","            }","            switch (event && event.currentTarget && event.currentTarget.id) {","            case 'testRunButton1':","                // show tests","                if (document.querySelector('#testReportDiv1').style.display === 'none') {","                    document.querySelector('#testReportDiv1').style.display = 'block';","                    document.querySelector('#testRunButton1').textContent =","                        'hide internal test';","                    local.modeTest = true;","                    local.testRunDefault(local);","                // hide tests","                } else {","                    document.querySelector('#testReportDiv1').style.display = 'none';","                    document.querySelector('#testRunButton1').textContent = 'run internal test';","                }","                break;","            // custom-case","            default:","                break;","            }","            if (document.querySelector('#inputTextareaEval1') && (!event || (event &&","                    event.currentTarget &&","                    event.currentTarget.className &&","                    event.currentTarget.className.includes &&","                    event.currentTarget.className.includes('oneval')))) {","                // try to eval input-code","                try {","                    /*jslint evil: true*/","                    eval(document.querySelector('#inputTextareaEval1').value);","                } catch (errorCaught) {","                    console.error(errorCaught);","                }","            }","        };","        // log stderr and stdout to #outputTextareaStdout1","        ['error', 'log'].forEach(function (key) {","            console[key + '_original'] = console[key];","            console[key] = function () {","                var element;","                console[key + '_original'].apply(console, arguments);","                element = document.querySelector('#outputTextareaStdout1');","                if (!element) {","                    return;","                }","                // append text to #outputTextareaStdout1","                element.value += Array.from(arguments).map(function (arg) {","                    return typeof arg === 'string'","                        ? arg","                        : JSON.stringify(arg, null, 4);","                }).join(' ') + '\\n';","                // scroll textarea to bottom","                element.scrollTop = element.scrollHeight;","            };","        });","        // init event-handling","        ['change', 'click', 'keyup'].forEach(function (event) {","            Array.from(document.querySelectorAll('.on' + event)).forEach(function (element) {","                element.addEventListener(event, local.testRunBrowser);","            });","        });","        // run tests","        local.testRunBrowser();","        break;","","","","    // run node js-env code - post-init","    /* istanbul ignore next */","    case 'node':","        // export local","        module.exports = local;","        // require modules","        local.fs = require('fs');","        local.http = require('http');","        local.url = require('url');","        // init assets","        local.assetsDict = local.assetsDict || {};","        /* jslint-ignore-begin */","        local.assetsDict['/assets.index.template.html'] = '\\","<!doctype html>\\n\\","<html lang=\"en\">\\n\\","<head>\\n\\","<meta charset=\"UTF-8\">\\n\\","<meta name=\"viewport\" content=\"width=device-width, initial-scale=1\">\\n\\","<title>{{env.npm_package_name}} (v{{env.npm_package_version}})</title>\\n\\","<style>\\n\\","/*csslint\\n\\","    box-sizing: false,\\n\\","    universal-selector: false\\n\\","*/\\n\\","* {\\n\\","    box-sizing: border-box;\\n\\","}\\n\\","body {\\n\\","    background: #dde;\\n\\","    font-family: Arial, Helvetica, sans-serif;\\n\\","    margin: 2rem;\\n\\","}\\n\\","body > * {\\n\\","    margin-bottom: 1rem;\\n\\","}\\n\\",".utility2FooterDiv {\\n\\","    margin-top: 20px;\\n\\","    text-align: center;\\n\\","}\\n\\","</style>\\n\\","<style>\\n\\","/*csslint\\n\\","*/\\n\\","textarea {\\n\\","    font-family: monospace;\\n\\","    height: 10rem;\\n\\","    width: 100%;\\n\\","}\\n\\","textarea[readonly] {\\n\\","    background: #ddd;\\n\\","}\\n\\","</style>\\n\\","</head>\\n\\","<body>\\n\\","<!-- utility2-comment\\n\\","<div id=\"ajaxProgressDiv1\" style=\"background: #d00; height: 2px; left: 0; margin: 0; padding: 0; position: fixed; top: 0; transition: background 0.5s, width 1.5s; width: 25%;\"></div>\\n\\","utility2-comment -->\\n\\","<h1>\\n\\","<!-- utility2-comment\\n\\","    <a\\n\\","        {{#if env.npm_package_homepage}}\\n\\","        href=\"{{env.npm_package_homepage}}\"\\n\\","        {{/if env.npm_package_homepage}}\\n\\","        target=\"_blank\"\\n\\","    >\\n\\","utility2-comment -->\\n\\","        {{env.npm_package_name}} (v{{env.npm_package_version}})\\n\\","<!-- utility2-comment\\n\\","    </a>\\n\\","utility2-comment -->\\n\\","</h1>\\n\\","<h3>{{env.npm_package_description}}</h3>\\n\\","<!-- utility2-comment\\n\\","<h4><a download href=\"assets.app.js\">download standalone app</a></h4>\\n\\","<button class=\"onclick onreset\" id=\"testRunButton1\">run internal test</button><br>\\n\\","<div id=\"testReportDiv1\" style=\"display: none;\"></div>\\n\\","utility2-comment -->\\n\\","\\n\\","\\n\\","\\n\\","<label>stderr and stdout</label>\\n\\","<textarea class=\"resettable\" id=\"outputTextareaStdout1\" readonly></textarea>\\n\\","<!-- utility2-comment\\n\\","{{#if isRollup}}\\n\\","<script src=\"assets.app.js\"></script>\\n\\","{{#unless isRollup}}\\n\\","utility2-comment -->\\n\\","<script src=\"assets.utility2.rollup.js\"></script>\\n\\","<script src=\"jsonp.utility2._stateInit?callback=window.utility2._stateInit\"></script>\\n\\","<script src=\"assets.npmtest_pem.rollup.js\"></script>\\n\\","<script src=\"assets.example.js\"></script>\\n\\","<script src=\"assets.test.js\"></script>\\n\\","<!-- utility2-comment\\n\\","{{/if isRollup}}\\n\\","utility2-comment -->\\n\\","<div class=\"utility2FooterDiv\">\\n\\","    [ this app was created with\\n\\","    <a href=\"https://github.com/kaizhu256/node-utility2\" target=\"_blank\">utility2</a>\\n\\","    ]\\n\\","</div>\\n\\","</body>\\n\\","</html>\\n\\","';","        /* jslint-ignore-end */","        if (local.templateRender) {","            local.assetsDict['/'] = local.templateRender(","                local.assetsDict['/assets.index.template.html'],","                {","                    env: local.objectSetDefault(local.env, {","                        npm_package_description: 'the greatest app in the world!',","                        npm_package_name: 'my-app',","                        npm_package_nameAlias: 'my_app',","                        npm_package_version: '0.0.1'","                    })","                }","            );","        } else {","            local.assetsDict['/'] = local.assetsDict['/assets.index.template.html']","                .replace((/\\{\\{env\\.(\\w+?)\\}\\}/g), function (match0, match1) {","                    // jslint-hack","                    String(match0);","                    switch (match1) {","                    case 'npm_package_description':","                        return 'the greatest app in the world!';","                    case 'npm_package_name':","                        return 'my-app';","                    case 'npm_package_nameAlias':","                        return 'my_app';","                    case 'npm_package_version':","                        return '0.0.1';","                    }","                });","        }","        // run the cli","        if (local.global.utility2_rollup || module !== require.main) {","            break;","        }","        local.assetsDict['/assets.example.js'] =","            local.assetsDict['/assets.example.js'] ||","            local.fs.readFileSync(__filename, 'utf8');","        // bug-workaround - long $npm_package_buildCustomOrg","        /* jslint-ignore-begin */","        local.assetsDict['/assets.npmtest_pem.rollup.js'] =","            local.assetsDict['/assets.npmtest_pem.rollup.js'] ||","            local.fs.readFileSync(","                local.npmtest_pem.__dirname + '/lib.npmtest_pem.js',","                'utf8'","            ).replace((/^#!/), '//');","        /* jslint-ignore-end */","        local.assetsDict['/favicon.ico'] = local.assetsDict['/favicon.ico'] || '';","        // if $npm_config_timeout_exit exists,","        // then exit this process after $npm_config_timeout_exit ms","        if (Number(process.env.npm_config_timeout_exit)) {","            setTimeout(process.exit, Number(process.env.npm_config_timeout_exit));","        }","        // start server","        if (local.global.utility2_serverHttp1) {","            break;","        }","        process.env.PORT = process.env.PORT || '8081';","        console.error('server starting on port ' + process.env.PORT);","        local.http.createServer(function (request, response) {","            request.urlParsed = local.url.parse(request.url);","            if (local.assetsDict[request.urlParsed.pathname] !== undefined) {","                response.end(local.assetsDict[request.urlParsed.pathname]);","                return;","            }","            response.statusCode = 404;","            response.end();","        }).listen(process.env.PORT);","        break;","    }","}());",""],"l":{"26":2,"28":2,"33":2,"35":2,"37":2,"38":2,"39":2,"44":1,"51":2,"55":2,"59":2,"61":2,"69":1,"70":2,"76":2,"79":2,"82":2,"83":2,"85":1,"89":2,"92":1,"93":1,"94":1,"96":1,"97":1,"100":1,"101":1,"103":1,"106":1,"108":2,"114":1,"116":1,"118":1,"123":1,"124":2,"125":2,"126":3,"127":3,"128":3,"129":3,"130":1,"133":3,"134":3,"139":3,"143":1,"144":3,"145":1,"149":1,"150":1,"158":1,"160":1,"161":1,"162":1,"164":1,"166":1,"258":1,"259":1,"271":1,"274":6,"275":6,"277":1,"279":2,"281":1,"283":2,"288":1,"289":1,"291":1,"296":1,"303":1,"306":1,"307":1,"310":1,"311":1,"313":1,"314":1,"315":1,"316":1,"317":1,"318":1,"319":1,"321":1,"322":1,"324":1}},"/home/travis/build/npmtest/node-npmtest-pem/node_modules/pem/lib/pem.js":{"path":"/home/travis/build/npmtest/node-npmtest-pem/node_modules/pem/lib/pem.js","s":{"1":1,"2":1,"3":1,"4":1,"5":1,"6":1,"7":1,"8":1,"9":1,"10":1,"11":1,"12":1,"13":1,"14":1,"15":1,"16":1,"17":1,"18":1,"19":1,"20":1,"21":1,"22":1,"23":1,"24":1,"25":1,"26":1,"27":1,"28":1,"29":1,"30":1,"31":1,"32":0,"33":0,"34":0,"35":0,"36":0,"37":0,"38":0,"39":0,"40":0,"41":0,"42":0,"43":0,"44":0,"45":0,"46":0,"47":0,"48":0,"49":0,"50":0,"51":1,"52":0,"53":0,"54":0,"55":0,"56":0,"57":0,"58":0,"59":1,"60":0,"61":0,"62":0,"63":0,"64":0,"65":0,"66":0,"67":0,"68":0,"69":1,"70":0,"71":0,"72":0,"73":0,"74":0,"75":0,"76":0,"77":0,"78":0,"79":0,"80":0,"81":0,"82":0,"83":0,"84":0,"85":0,"86":0,"87":0,"88":0,"89":0,"90":0,"91":0,"92":0,"93":0,"94":0,"95":0,"96":0,"97":0,"98":0,"99":0,"100":0,"101":0,"102":0,"103":0,"104":0,"105":0,"106":0,"107":0,"108":0,"109":0,"110":0,"111":0,"112":1,"113":0,"114":0,"115":0,"116":0,"117":0,"118":0,"119":0,"120":1,"121":0,"122":0,"123":0,"124":0,"125":0,"126":0,"127":0,"128":0,"129":0,"130":0,"131":0,"132":0,"133":0,"134":0,"135":0,"136":0,"137":0,"138":0,"139":0,"140":0,"141":0,"142":0,"143":0,"144":0,"145":0,"146":0,"147":0,"148":0,"149":0,"150":0,"151":0,"152":0,"153":0,"154":0,"155":0,"156":0,"157":0,"158":0,"159":0,"160":0,"161":0,"162":0,"163":0,"164":0,"165":0,"166":0,"167":0,"168":0,"169":0,"170":0,"171":0,"172":0,"173":0,"174":0,"175":0,"176":0,"177":0,"178":0,"179":0,"180":0,"181":0,"182":1,"183":0,"184":0,"185":0,"186":0,"187":0,"188":0,"189":0,"190":0,"191":0,"192":0,"193":0,"194":0,"195":0,"196":0,"197":1,"198":0,"199":0,"200":0,"201":0,"202":0,"203":0,"204":0,"205":0,"206":0,"207":1,"208":0,"209":0,"210":0,"211":0,"212":0,"213":0,"214":0,"215":0,"216":0,"217":0,"218":0,"219":0,"220":0,"221":0,"222":0,"223":0,"224":0,"225":0,"226":0,"227":0,"228":0,"229":1,"230":0,"231":0,"232":0,"233":0,"234":0,"235":0,"236":0,"237":0,"238":0,"239":0,"240":0,"241":0,"242":0,"243":0,"244":0,"245":0,"246":0,"247":0,"248":1,"249":0,"250":0,"251":1,"252":0,"253":0,"254":0,"255":0,"256":0,"257":0,"258":0,"259":0,"260":0,"261":0,"262":0,"263":0,"264":1,"265":0,"266":0,"267":0,"268":0,"269":0,"270":0,"271":0,"272":0,"273":0,"274":0,"275":0,"276":0,"277":0,"278":0,"279":0,"280":0,"281":0,"282":0,"283":0,"284":0,"285":0,"286":0,"287":0,"288":0,"289":0,"290":1,"291":0,"292":0,"293":0,"294":0,"295":0,"296":0,"297":0,"298":0,"299":0,"300":0,"301":0,"302":0,"303":0,"304":0,"305":0,"306":0,"307":0,"308":0,"309":0,"310":0,"311":0,"312":0,"313":0,"314":0,"315":0,"316":0,"317":0,"318":0,"319":0,"320":0,"321":1,"322":0,"323":0,"324":0,"325":0,"326":0,"327":0,"328":0,"329":0,"330":1,"331":0,"332":0,"333":0,"334":0,"335":0,"336":0,"337":0,"338":0,"339":0,"340":0,"341":0,"342":0,"343":0,"344":0,"345":0,"346":0,"347":0,"348":0,"349":0,"350":0,"351":0,"352":0,"353":0,"354":0,"355":0,"356":0,"357":0,"358":0,"359":0,"360":0,"361":0,"362":0,"363":0,"364":0,"365":0,"366":0,"367":0,"368":0,"369":0,"370":0,"371":0,"372":0,"373":0,"374":0,"375":0,"376":0,"377":0,"378":0,"379":0,"380":0,"381":0,"382":0,"383":0,"384":0,"385":0,"386":0,"387":0,"388":0,"389":0,"390":1,"391":0,"392":0,"393":0,"394":0,"395":0,"396":0,"397":0,"398":0,"399":0,"400":0,"401":0,"402":0,"403":0,"404":1,"405":0,"406":0,"407":0,"408":1,"409":0,"410":0,"411":0,"412":0,"413":0,"414":0,"415":0,"416":0,"417":1,"418":0,"419":0,"420":0,"421":0,"422":0,"423":0,"424":1,"425":0,"426":0,"427":0,"428":0,"429":0,"430":0,"431":0,"432":0,"433":0,"434":0,"435":0,"436":0,"437":0,"438":0,"439":0,"440":1,"441":0,"442":0,"443":0,"444":0,"445":0,"446":0,"447":0,"448":0,"449":0,"450":0,"451":0,"452":0,"453":0,"454":0,"455":0,"456":0,"457":0,"458":0,"459":0,"460":0,"461":0,"462":0,"463":0,"464":0,"465":0,"466":0,"467":0,"468":0,"469":0,"470":0,"471":0,"472":0,"473":0,"474":0,"475":1,"476":0,"477":0,"478":0,"479":0,"480":0,"481":0,"482":0,"483":0,"484":0,"485":0,"486":0,"487":0,"488":0,"489":0,"490":0,"491":0,"492":0,"493":0,"494":1,"495":0,"496":0,"497":0,"498":0,"499":0,"500":0,"501":0,"502":0,"503":0,"504":0,"505":0,"506":0,"507":0,"508":0,"509":0,"510":0,"511":1,"512":0,"513":0,"514":0,"515":0,"516":0,"517":0,"518":0,"519":1,"520":0,"521":0,"522":0,"523":0},"b":{"1":[1,1],"2":[0,0],"3":[0,0,0],"4":[0,0],"5":[0,0,0],"6":[0,0],"7":[0,0],"8":[0,0,0,0],"9":[0,0],"10":[0,0],"11":[0,0],"12":[0,0],"13":[0,0],"14":[0,0],"15":[0,0],"16":[0,0],"17":[0,0],"18":[0,0],"19":[0,0],"20":[0,0,0],"21":[0,0],"22":[0,0],"23":[0,0],"24":[0,0],"25":[0,0],"26":[0,0],"27":[0,0],"28":[0,0],"29":[0,0,0],"30":[0,0],"31":[0,0],"32":[0,0],"33":[0,0],"34":[0,0],"35":[0,0],"36":[0,0],"37":[0,0],"38":[0,0],"39":[0,0],"40":[0,0],"41":[0,0],"42":[0,0],"43":[0,0],"44":[0,0],"45":[0,0],"46":[0,0],"47":[0,0],"48":[0,0],"49":[0,0],"50":[0,0],"51":[0,0],"52":[0,0],"53":[0,0],"54":[0,0],"55":[0,0],"56":[0,0],"57":[0,0],"58":[0,0],"59":[0,0],"60":[0,0],"61":[0,0],"62":[0,0],"63":[0,0],"64":[0,0],"65":[0,0],"66":[0,0],"67":[0,0,0],"68":[0,0],"69":[0,0],"70":[0,0],"71":[0,0],"72":[0,0],"73":[0,0],"74":[0,0,0],"75":[0,0],"76":[0,0],"77":[0,0],"78":[0,0],"79":[0,0],"80":[0,0],"81":[0,0],"82":[0,0],"83":[0,0],"84":[0,0],"85":[0,0],"86":[0,0],"87":[0,0],"88":[0,0],"89":[0,0],"90":[0,0,0],"91":[0,0],"92":[0,0],"93":[0,0],"94":[0,0],"95":[0,0],"96":[0,0],"97":[0,0],"98":[0,0],"99":[0,0],"100":[0,0],"101":[0,0],"102":[0,0],"103":[0,0],"104":[0,0],"105":[0,0],"106":[0,0],"107":[0,0],"108":[0,0],"109":[0,0],"110":[0,0],"111":[0,0],"112":[0,0],"113":[0,0,0],"114":[0,0,0],"115":[0,0,0],"116":[0,0,0],"117":[0,0,0],"118":[0,0,0],"119":[0,0,0],"120":[0,0,0],"121":[0,0],"122":[0,0],"123":[0,0,0],"124":[0,0,0],"125":[0,0,0],"126":[0,0,0],"127":[0,0,0],"128":[0,0,0],"129":[0,0,0],"130":[0,0],"131":[0,0],"132":[0,0],"133":[0,0],"134":[0,0],"135":[0,0],"136":[0,0,0],"137":[0,0],"138":[0,0],"139":[0,0,0],"140":[0,0],"141":[0,0],"142":[0,0],"143":[0,0],"144":[0,0],"145":[0,0],"146":[0,0],"147":[0,0],"148":[0,0],"149":[0,0],"150":[0,0],"151":[0,0,0],"152":[0,0,0],"153":[0,0],"154":[0,0],"155":[0,0],"156":[0,0],"157":[0,0,0],"158":[0,0],"159":[0,0],"160":[0,0],"161":[0,0],"162":[0,0],"163":[0,0],"164":[0,0],"165":[0,0],"166":[0,0],"167":[0,0],"168":[0,0],"169":[0,0],"170":[0,0],"171":[0,0],"172":[0,0],"173":[0,0],"174":[0,0],"175":[0,0],"176":[0,0],"177":[0,0],"178":[0,0],"179":[0,0],"180":[0,0],"181":[0,0],"182":[0,0],"183":[0,0],"184":[0,0]},"f":{"1":0,"2":0,"3":0,"4":0,"5":0,"6":0,"7":0,"8":0,"9":0,"10":0,"11":0,"12":0,"13":0,"14":0,"15":0,"16":0,"17":0,"18":0,"19":0,"20":0,"21":0,"22":0,"23":0,"24":0,"25":0,"26":0,"27":0,"28":0,"29":0,"30":0,"31":0,"32":0,"33":0,"34":0,"35":0,"36":0,"37":0,"38":0,"39":0,"40":0,"41":0,"42":0,"43":0,"44":0,"45":0,"46":0,"47":0,"48":0,"49":0,"50":0,"51":0,"52":0,"53":0,"54":0,"55":0,"56":0,"57":0,"58":0,"59":0},"fnMap":{"1":{"name":"createPrivateKey","line":45,"loc":{"start":{"line":45,"column":0},"end":{"line":45,"column":57}}},"2":{"name":"(anonymous_2)","line":75,"loc":{"start":{"line":75,"column":43},"end":{"line":75,"column":65}}},"3":{"name":"done","line":76,"loc":{"start":{"line":76,"column":8},"end":{"line":76,"column":27}}},"4":{"name":"(anonymous_4)","line":86,"loc":{"start":{"line":86,"column":41},"end":{"line":86,"column":57}}},"5":{"name":"createDhparam","line":103,"loc":{"start":{"line":103,"column":0},"end":{"line":103,"column":45}}},"6":{"name":"(anonymous_6)","line":117,"loc":{"start":{"line":117,"column":41},"end":{"line":117,"column":66}}},"7":{"name":"createCSR","line":148,"loc":{"start":{"line":148,"column":0},"end":{"line":148,"column":38}}},"8":{"name":"(anonymous_8)","line":166,"loc":{"start":{"line":166,"column":53},"end":{"line":166,"column":78}}},"9":{"name":"(anonymous_9)","line":228,"loc":{"start":{"line":228,"column":57},"end":{"line":228,"column":80}}},"10":{"name":"done","line":229,"loc":{"start":{"line":229,"column":8},"end":{"line":229,"column":27}}},"11":{"name":"(anonymous_11)","line":240,"loc":{"start":{"line":240,"column":40},"end":{"line":240,"column":57}}},"12":{"name":"createCertificate","line":267,"loc":{"start":{"line":267,"column":0},"end":{"line":267,"column":46}}},"13":{"name":"(anonymous_13)","line":276,"loc":{"start":{"line":276,"column":27},"end":{"line":276,"column":52}}},"14":{"name":"(anonymous_14)","line":293,"loc":{"start":{"line":293,"column":57},"end":{"line":293,"column":82}}},"15":{"name":"(anonymous_15)","line":358,"loc":{"start":{"line":358,"column":49},"end":{"line":358,"column":71}}},"16":{"name":"getPublicKey","line":378,"loc":{"start":{"line":378,"column":0},"end":{"line":378,"column":45}}},"17":{"name":"(anonymous_17)","line":410,"loc":{"start":{"line":410,"column":51},"end":{"line":410,"column":72}}},"18":{"name":"readCertificateInfo","line":426,"loc":{"start":{"line":426,"column":0},"end":{"line":426,"column":52}}},"19":{"name":"(anonymous_19)","line":441,"loc":{"start":{"line":441,"column":38},"end":{"line":441,"column":66}}},"20":{"name":"getModulus","line":456,"loc":{"start":{"line":456,"column":0},"end":{"line":456,"column":53}}},"21":{"name":"(anonymous_21)","line":484,"loc":{"start":{"line":484,"column":38},"end":{"line":484,"column":66}}},"22":{"name":"getDhparamInfo","line":505,"loc":{"start":{"line":505,"column":0},"end":{"line":505,"column":38}}},"23":{"name":"(anonymous_23)","line":515,"loc":{"start":{"line":515,"column":29},"end":{"line":515,"column":57}}},"24":{"name":"(anonymous_24)","line":528,"loc":{"start":{"line":528,"column":35},"end":{"line":528,"column":51}}},"25":{"name":"config","line":550,"loc":{"start":{"line":550,"column":0},"end":{"line":550,"column":25}}},"26":{"name":"getFingerprint","line":562,"loc":{"start":{"line":562,"column":0},"end":{"line":562,"column":53}}},"27":{"name":"(anonymous_27)","line":579,"loc":{"start":{"line":579,"column":38},"end":{"line":579,"column":66}}},"28":{"name":"createPkcs12","line":603,"loc":{"start":{"line":603,"column":0},"end":{"line":603,"column":69}}},"29":{"name":"(anonymous_29)","line":635,"loc":{"start":{"line":635,"column":40},"end":{"line":635,"column":64}}},"30":{"name":"readPkcs12","line":645,"loc":{"start":{"line":645,"column":0},"end":{"line":645,"column":53}}},"31":{"name":"(anonymous_31)","line":668,"loc":{"start":{"line":668,"column":36},"end":{"line":668,"column":61}}},"32":{"name":"(anonymous_32)","line":683,"loc":{"start":{"line":683,"column":94},"end":{"line":683,"column":116}}},"33":{"name":"verifySigningChain","line":708,"loc":{"start":{"line":708,"column":0},"end":{"line":708,"column":55}}},"34":{"name":"(anonymous_34)","line":724,"loc":{"start":{"line":724,"column":32},"end":{"line":724,"column":60}}},"35":{"name":"fetchCertificateData","line":735,"loc":{"start":{"line":735,"column":0},"end":{"line":735,"column":50}}},"36":{"name":"linebrakes","line":830,"loc":{"start":{"line":830,"column":0},"end":{"line":830,"column":29}}},"37":{"name":"rtrim","line":849,"loc":{"start":{"line":849,"column":0},"end":{"line":849,"column":30}}},"38":{"name":"preg_match_all","line":857,"loc":{"start":{"line":857,"column":0},"end":{"line":857,"column":41}}},"39":{"name":"generateCSRSubject","line":870,"loc":{"start":{"line":870,"column":0},"end":{"line":870,"column":37}}},"40":{"name":"(anonymous_40)","line":885,"loc":{"start":{"line":885,"column":46},"end":{"line":885,"column":60}}},"41":{"name":"readFromString","line":894,"loc":{"start":{"line":894,"column":0},"end":{"line":894,"column":44}}},"42":{"name":"spawnOpenSSL","line":932,"loc":{"start":{"line":932,"column":0},"end":{"line":932,"column":48}}},"43":{"name":"(anonymous_43)","line":935,"loc":{"start":{"line":935,"column":29},"end":{"line":935,"column":43}}},"44":{"name":"(anonymous_44)","line":943,"loc":{"start":{"line":943,"column":34},"end":{"line":943,"column":49}}},"45":{"name":"(anonymous_45)","line":952,"loc":{"start":{"line":952,"column":34},"end":{"line":952,"column":49}}},"46":{"name":"(anonymous_46)","line":961,"loc":{"start":{"line":961,"column":19},"end":{"line":961,"column":33}}},"47":{"name":"(anonymous_47)","line":983,"loc":{"start":{"line":983,"column":27},"end":{"line":983,"column":41}}},"48":{"name":"(anonymous_48)","line":988,"loc":{"start":{"line":988,"column":28},"end":{"line":988,"column":39}}},"49":{"name":"spawnWrapper","line":996,"loc":{"start":{"line":996,"column":0},"end":{"line":996,"column":58}}},"50":{"name":"(anonymous_50)","line":1006,"loc":{"start":{"line":1006,"column":23},"end":{"line":1006,"column":42}}},"51":{"name":"(anonymous_51)","line":1019,"loc":{"start":{"line":1019,"column":18},"end":{"line":1019,"column":33}}},"52":{"name":"(anonymous_52)","line":1023,"loc":{"start":{"line":1023,"column":33},"end":{"line":1023,"column":69}}},"53":{"name":"(anonymous_53)","line":1024,"loc":{"start":{"line":1024,"column":22},"end":{"line":1024,"column":37}}},"54":{"name":"execOpenSSL","line":1034,"loc":{"start":{"line":1034,"column":0},"end":{"line":1034,"column":60}}},"55":{"name":"(anonymous_55)","line":1040,"loc":{"start":{"line":1040,"column":35},"end":{"line":1040,"column":71}}},"56":{"name":"execBinaryOpenSSL","line":1070,"loc":{"start":{"line":1070,"column":1},"end":{"line":1070,"column":55}}},"57":{"name":"(anonymous_57)","line":1075,"loc":{"start":{"line":1075,"column":41},"end":{"line":1075,"column":69}}},"58":{"name":"testOpenSSLPath","line":1089,"loc":{"start":{"line":1089,"column":0},"end":{"line":1089,"column":44}}},"59":{"name":"(anonymous_59)","line":1090,"loc":{"start":{"line":1090,"column":19},"end":{"line":1090,"column":35}}}},"statementMap":{"1":{"start":{"line":3,"column":0},"end":{"line":3,"column":43}},"2":{"start":{"line":4,"column":0},"end":{"line":4,"column":30}},"3":{"start":{"line":5,"column":0},"end":{"line":5,"column":23}},"4":{"start":{"line":6,"column":0},"end":{"line":6,"column":25}},"5":{"start":{"line":7,"column":0},"end":{"line":7,"column":31}},"6":{"start":{"line":8,"column":0},"end":{"line":8,"column":29}},"7":{"start":{"line":9,"column":0},"end":{"line":9,"column":36}},"8":{"start":{"line":10,"column":0},"end":{"line":10,"column":16}},"9":{"start":{"line":11,"column":0},"end":{"line":11,"column":53}},"10":{"start":{"line":13,"column":0},"end":{"line":13,"column":51}},"11":{"start":{"line":14,"column":0},"end":{"line":14,"column":45}},"12":{"start":{"line":15,"column":0},"end":{"line":15,"column":37}},"13":{"start":{"line":16,"column":0},"end":{"line":16,"column":53}},"14":{"start":{"line":17,"column":0},"end":{"line":17,"column":57}},"15":{"start":{"line":18,"column":0},"end":{"line":18,"column":43}},"16":{"start":{"line":19,"column":0},"end":{"line":19,"column":47}},"17":{"start":{"line":20,"column":0},"end":{"line":20,"column":39}},"18":{"start":{"line":21,"column":0},"end":{"line":21,"column":47}},"19":{"start":{"line":22,"column":0},"end":{"line":22,"column":43}},"20":{"start":{"line":23,"column":0},"end":{"line":23,"column":39}},"21":{"start":{"line":24,"column":0},"end":{"line":24,"column":55}},"22":{"start":{"line":25,"column":0},"end":{"line":25,"column":31}},"23":{"start":{"line":27,"column":0},"end":{"line":27,"column":46}},"24":{"start":{"line":28,"column":0},"end":{"line":28,"column":42}},"25":{"start":{"line":29,"column":0},"end":{"line":29,"column":54}},"26":{"start":{"line":30,"column":0},"end":{"line":30,"column":50}},"27":{"start":{"line":31,"column":0},"end":{"line":31,"column":66}},"28":{"start":{"line":32,"column":0},"end":{"line":32,"column":62}},"29":{"start":{"line":33,"column":0},"end":{"line":33,"column":47}},"30":{"start":{"line":34,"column":0},"end":{"line":34,"column":43}},"31":{"start":{"line":45,"column":0},"end":{"line":94,"column":1}},"32":{"start":{"line":46,"column":4},"end":{"line":46,"column":26}},"33":{"start":{"line":47,"column":4},"end":{"line":55,"column":5}},"34":{"start":{"line":48,"column":8},"end":{"line":48,"column":30}},"35":{"start":{"line":49,"column":8},"end":{"line":49,"column":31}},"36":{"start":{"line":50,"column":8},"end":{"line":50,"column":21}},"37":{"start":{"line":52,"column":9},"end":{"line":55,"column":5}},"38":{"start":{"line":53,"column":8},"end":{"line":53,"column":27}},"39":{"start":{"line":54,"column":8},"end":{"line":54,"column":21}},"40":{"start":{"line":57,"column":4},"end":{"line":57,"column":44}},"41":{"start":{"line":59,"column":4},"end":{"line":62,"column":6}},"42":{"start":{"line":63,"column":4},"end":{"line":63,"column":116}},"43":{"start":{"line":65,"column":4},"end":{"line":71,"column":5}},"44":{"start":{"line":66,"column":8},"end":{"line":66,"column":90}},"45":{"start":{"line":67,"column":8},"end":{"line":67,"column":62}},"46":{"start":{"line":68,"column":8},"end":{"line":68,"column":44}},"47":{"start":{"line":69,"column":8},"end":{"line":69,"column":34}},"48":{"start":{"line":70,"column":8},"end":{"line":70,"column":51}},"49":{"start":{"line":73,"column":4},"end":{"line":73,"column":28}},"50":{"start":{"line":75,"column":4},"end":{"line":93,"column":7}},"51":{"start":{"line":76,"column":8},"end":{"line":83,"column":9}},"52":{"start":{"line":77,"column":12},"end":{"line":79,"column":13}},"53":{"start":{"line":78,"column":16},"end":{"line":78,"column":37}},"54":{"start":{"line":80,"column":12},"end":{"line":82,"column":15}},"55":{"start":{"line":85,"column":8},"end":{"line":92,"column":9}},"56":{"start":{"line":86,"column":12},"end":{"line":88,"column":15}},"57":{"start":{"line":87,"column":16},"end":{"line":87,"column":38}},"58":{"start":{"line":91,"column":12},"end":{"line":91,"column":25}},"59":{"start":{"line":103,"column":0},"end":{"line":125,"column":1}},"60":{"start":{"line":104,"column":4},"end":{"line":107,"column":5}},"61":{"start":{"line":105,"column":8},"end":{"line":105,"column":30}},"62":{"start":{"line":106,"column":8},"end":{"line":106,"column":31}},"63":{"start":{"line":109,"column":4},"end":{"line":109,"column":43}},"64":{"start":{"line":111,"column":4},"end":{"line":115,"column":6}},"65":{"start":{"line":117,"column":4},"end":{"line":124,"column":7}},"66":{"start":{"line":118,"column":8},"end":{"line":120,"column":9}},"67":{"start":{"line":119,"column":12},"end":{"line":119,"column":35}},"68":{"start":{"line":121,"column":8},"end":{"line":123,"column":11}},"69":{"start":{"line":148,"column":0},"end":{"line":248,"column":1}},"70":{"start":{"line":149,"column":4},"end":{"line":152,"column":5}},"71":{"start":{"line":150,"column":8},"end":{"line":150,"column":27}},"72":{"start":{"line":151,"column":8},"end":{"line":151,"column":28}},"73":{"start":{"line":154,"column":4},"end":{"line":154,"column":28}},"74":{"start":{"line":157,"column":4},"end":{"line":163,"column":5}},"75":{"start":{"line":158,"column":8},"end":{"line":162,"column":9}},"76":{"start":{"line":159,"column":12},"end":{"line":159,"column":52}},"77":{"start":{"line":160,"column":15},"end":{"line":162,"column":9}},"78":{"start":{"line":161,"column":12},"end":{"line":161,"column":77}},"79":{"start":{"line":165,"column":4},"end":{"line":174,"column":5}},"80":{"start":{"line":166,"column":8},"end":{"line":172,"column":11}},"81":{"start":{"line":167,"column":12},"end":{"line":169,"column":13}},"82":{"start":{"line":168,"column":16},"end":{"line":168,"column":39}},"83":{"start":{"line":170,"column":12},"end":{"line":170,"column":44}},"84":{"start":{"line":171,"column":12},"end":{"line":171,"column":41}},"85":{"start":{"line":173,"column":8},"end":{"line":173,"column":15}},"86":{"start":{"line":176,"column":4},"end":{"line":179,"column":6}},"87":{"start":{"line":181,"column":4},"end":{"line":188,"column":5}},"88":{"start":{"line":182,"column":8},"end":{"line":182,"column":31}},"89":{"start":{"line":183,"column":8},"end":{"line":183,"column":43}},"90":{"start":{"line":186,"column":8},"end":{"line":186,"column":29}},"91":{"start":{"line":187,"column":8},"end":{"line":187,"column":49}},"92":{"start":{"line":190,"column":4},"end":{"line":190,"column":24}},"93":{"start":{"line":191,"column":4},"end":{"line":191,"column":31}},"94":{"start":{"line":193,"column":4},"end":{"line":193,"column":39}},"95":{"start":{"line":194,"column":4},"end":{"line":194,"column":22}},"96":{"start":{"line":196,"column":4},"end":{"line":218,"column":5}},"97":{"start":{"line":197,"column":8},"end":{"line":197,"column":35}},"98":{"start":{"line":198,"column":8},"end":{"line":198,"column":30}},"99":{"start":{"line":199,"column":8},"end":{"line":199,"column":31}},"100":{"start":{"line":200,"column":8},"end":{"line":200,"column":35}},"101":{"start":{"line":201,"column":8},"end":{"line":201,"column":29}},"102":{"start":{"line":202,"column":8},"end":{"line":204,"column":9}},"103":{"start":{"line":203,"column":12},"end":{"line":203,"column":123}},"104":{"start":{"line":206,"column":8},"end":{"line":217,"column":22}},"105":{"start":{"line":220,"column":4},"end":{"line":220,"column":32}},"106":{"start":{"line":221,"column":4},"end":{"line":226,"column":5}},"107":{"start":{"line":222,"column":8},"end":{"line":222,"column":89}},"108":{"start":{"line":223,"column":8},"end":{"line":223,"column":70}},"109":{"start":{"line":224,"column":8},"end":{"line":224,"column":31}},"110":{"start":{"line":225,"column":8},"end":{"line":225,"column":48}},"111":{"start":{"line":228,"column":4},"end":{"line":247,"column":7}},"112":{"start":{"line":229,"column":8},"end":{"line":238,"column":9}},"113":{"start":{"line":230,"column":12},"end":{"line":232,"column":13}},"114":{"start":{"line":231,"column":16},"end":{"line":231,"column":37}},"115":{"start":{"line":233,"column":12},"end":{"line":237,"column":15}},"116":{"start":{"line":239,"column":8},"end":{"line":246,"column":9}},"117":{"start":{"line":240,"column":12},"end":{"line":242,"column":15}},"118":{"start":{"line":241,"column":16},"end":{"line":241,"column":38}},"119":{"start":{"line":245,"column":12},"end":{"line":245,"column":25}},"120":{"start":{"line":267,"column":0},"end":{"line":370,"column":1}},"121":{"start":{"line":268,"column":4},"end":{"line":271,"column":5}},"122":{"start":{"line":269,"column":8},"end":{"line":269,"column":27}},"123":{"start":{"line":270,"column":8},"end":{"line":270,"column":28}},"124":{"start":{"line":273,"column":4},"end":{"line":273,"column":28}},"125":{"start":{"line":275,"column":4},"end":{"line":286,"column":5}},"126":{"start":{"line":276,"column":8},"end":{"line":284,"column":11}},"127":{"start":{"line":277,"column":12},"end":{"line":279,"column":13}},"128":{"start":{"line":278,"column":16},"end":{"line":278,"column":39}},"129":{"start":{"line":280,"column":12},"end":{"line":280,"column":38}},"130":{"start":{"line":281,"column":12},"end":{"line":281,"column":44}},"131":{"start":{"line":282,"column":12},"end":{"line":282,"column":50}},"132":{"start":{"line":283,"column":12},"end":{"line":283,"column":49}},"133":{"start":{"line":285,"column":8},"end":{"line":285,"column":15}},"134":{"start":{"line":288,"column":4},"end":{"line":302,"column":5}},"135":{"start":{"line":290,"column":8},"end":{"line":301,"column":9}},"136":{"start":{"line":291,"column":12},"end":{"line":291,"column":51}},"137":{"start":{"line":293,"column":12},"end":{"line":299,"column":15}},"138":{"start":{"line":294,"column":16},"end":{"line":296,"column":17}},"139":{"start":{"line":295,"column":20},"end":{"line":295,"column":43}},"140":{"start":{"line":297,"column":16},"end":{"line":297,"column":49}},"141":{"start":{"line":298,"column":16},"end":{"line":298,"column":53}},"142":{"start":{"line":300,"column":12},"end":{"line":300,"column":19}},"143":{"start":{"line":304,"column":4},"end":{"line":311,"column":6}},"144":{"start":{"line":312,"column":4},"end":{"line":312,"column":33}},"145":{"start":{"line":314,"column":4},"end":{"line":340,"column":5}},"146":{"start":{"line":316,"column":8},"end":{"line":316,"column":27}},"147":{"start":{"line":317,"column":8},"end":{"line":317,"column":35}},"148":{"start":{"line":318,"column":8},"end":{"line":318,"column":30}},"149":{"start":{"line":319,"column":8},"end":{"line":319,"column":35}},"150":{"start":{"line":320,"column":8},"end":{"line":325,"column":9}},"151":{"start":{"line":321,"column":10},"end":{"line":321,"column":37}},"152":{"start":{"line":322,"column":10},"end":{"line":322,"column":83}},"153":{"start":{"line":324,"column":10},"end":{"line":324,"column":41}},"154":{"start":{"line":326,"column":8},"end":{"line":329,"column":9}},"155":{"start":{"line":327,"column":12},"end":{"line":327,"column":35}},"156":{"start":{"line":328,"column":12},"end":{"line":328,"column":62}},"157":{"start":{"line":330,"column":8},"end":{"line":330,"column":50}},"158":{"start":{"line":331,"column":8},"end":{"line":331,"column":42}},"159":{"start":{"line":333,"column":8},"end":{"line":333,"column":32}},"160":{"start":{"line":334,"column":8},"end":{"line":334,"column":35}},"161":{"start":{"line":335,"column":8},"end":{"line":338,"column":9}},"162":{"start":{"line":336,"column":12},"end":{"line":336,"column":35}},"163":{"start":{"line":337,"column":12},"end":{"line":337,"column":62}},"164":{"start":{"line":339,"column":8},"end":{"line":339,"column":42}},"165":{"start":{"line":342,"column":4},"end":{"line":351,"column":5}},"166":{"start":{"line":343,"column":8},"end":{"line":343,"column":35}},"167":{"start":{"line":344,"column":8},"end":{"line":344,"column":30}},"168":{"start":{"line":345,"column":8},"end":{"line":345,"column":32}},"169":{"start":{"line":346,"column":8},"end":{"line":346,"column":35}},"170":{"start":{"line":347,"column":8},"end":{"line":347,"column":38}},"171":{"start":{"line":348,"column":11},"end":{"line":351,"column":5}},"172":{"start":{"line":349,"column":6},"end":{"line":349,"column":30}},"173":{"start":{"line":350,"column":6},"end":{"line":350,"column":35}},"174":{"start":{"line":353,"column":4},"end":{"line":356,"column":5}},"175":{"start":{"line":354,"column":8},"end":{"line":354,"column":31}},"176":{"start":{"line":355,"column":8},"end":{"line":355,"column":57}},"177":{"start":{"line":358,"column":4},"end":{"line":369,"column":7}},"178":{"start":{"line":359,"column":8},"end":{"line":361,"column":9}},"179":{"start":{"line":360,"column":12},"end":{"line":360,"column":35}},"180":{"start":{"line":362,"column":8},"end":{"line":367,"column":10}},"181":{"start":{"line":368,"column":8},"end":{"line":368,"column":40}},"182":{"start":{"line":378,"column":0},"end":{"line":418,"column":1}},"183":{"start":{"line":379,"column":4},"end":{"line":382,"column":5}},"184":{"start":{"line":380,"column":8},"end":{"line":380,"column":31}},"185":{"start":{"line":381,"column":8},"end":{"line":381,"column":32}},"186":{"start":{"line":384,"column":4},"end":{"line":384,"column":49}},"187":{"start":{"line":386,"column":4},"end":{"line":386,"column":15}},"188":{"start":{"line":388,"column":4},"end":{"line":408,"column":5}},"189":{"start":{"line":389,"column":8},"end":{"line":394,"column":10}},"190":{"start":{"line":395,"column":11},"end":{"line":408,"column":5}},"191":{"start":{"line":396,"column":8},"end":{"line":400,"column":10}},"192":{"start":{"line":402,"column":8},"end":{"line":407,"column":10}},"193":{"start":{"line":410,"column":4},"end":{"line":417,"column":7}},"194":{"start":{"line":411,"column":8},"end":{"line":413,"column":9}},"195":{"start":{"line":412,"column":12},"end":{"line":412,"column":35}},"196":{"start":{"line":414,"column":8},"end":{"line":416,"column":11}},"197":{"start":{"line":426,"column":0},"end":{"line":447,"column":1}},"198":{"start":{"line":427,"column":4},"end":{"line":430,"column":5}},"199":{"start":{"line":428,"column":8},"end":{"line":428,"column":31}},"200":{"start":{"line":429,"column":8},"end":{"line":429,"column":32}},"201":{"start":{"line":432,"column":4},"end":{"line":432,"column":49}},"202":{"start":{"line":434,"column":4},"end":{"line":440,"column":10}},"203":{"start":{"line":441,"column":4},"end":{"line":446,"column":7}},"204":{"start":{"line":442,"column":8},"end":{"line":444,"column":9}},"205":{"start":{"line":443,"column":12},"end":{"line":443,"column":33}},"206":{"start":{"line":445,"column":8},"end":{"line":445,"column":54}},"207":{"start":{"line":456,"column":0},"end":{"line":497,"column":1}},"208":{"start":{"line":457,"column":4},"end":{"line":460,"column":5}},"209":{"start":{"line":458,"column":8},"end":{"line":458,"column":28}},"210":{"start":{"line":459,"column":8},"end":{"line":459,"column":29}},"211":{"start":{"line":462,"column":4},"end":{"line":462,"column":88}},"212":{"start":{"line":464,"column":4},"end":{"line":464,"column":18}},"213":{"start":{"line":465,"column":4},"end":{"line":471,"column":5}},"214":{"start":{"line":466,"column":8},"end":{"line":466,"column":21}},"215":{"start":{"line":467,"column":11},"end":{"line":471,"column":5}},"216":{"start":{"line":468,"column":8},"end":{"line":468,"column":21}},"217":{"start":{"line":470,"column":8},"end":{"line":470,"column":22}},"218":{"start":{"line":472,"column":4},"end":{"line":477,"column":6}},"219":{"start":{"line":479,"column":4},"end":{"line":482,"column":5}},"220":{"start":{"line":480,"column":8},"end":{"line":480,"column":32}},"221":{"start":{"line":481,"column":8},"end":{"line":481,"column":41}},"222":{"start":{"line":484,"column":4},"end":{"line":496,"column":7}},"223":{"start":{"line":485,"column":8},"end":{"line":487,"column":9}},"224":{"start":{"line":486,"column":12},"end":{"line":486,"column":33}},"225":{"start":{"line":488,"column":8},"end":{"line":488,"column":61}},"226":{"start":{"line":489,"column":8},"end":{"line":495,"column":9}},"227":{"start":{"line":490,"column":12},"end":{"line":492,"column":15}},"228":{"start":{"line":494,"column":12},"end":{"line":494,"column":53}},"229":{"start":{"line":505,"column":0},"end":{"line":544,"column":1}},"230":{"start":{"line":506,"column":4},"end":{"line":506,"column":52}},"231":{"start":{"line":508,"column":4},"end":{"line":513,"column":6}},"232":{"start":{"line":515,"column":4},"end":{"line":543,"column":7}},"233":{"start":{"line":516,"column":8},"end":{"line":518,"column":9}},"234":{"start":{"line":517,"column":12},"end":{"line":517,"column":33}},"235":{"start":{"line":520,"column":8},"end":{"line":520,"column":24}},"236":{"start":{"line":521,"column":8},"end":{"line":521,"column":62}},"237":{"start":{"line":523,"column":8},"end":{"line":525,"colu
[...]
     callback = options;","      options = {};","  }","","  options.p12Password = options.p12Password || '';","","  var tmpfiles = [];","  var args = ['pkcs12', '-in', bufferOrPath, '-passin', 'pass:' + options.p12Password];","","  if (Buffer.isBuffer(bufferOrPath)) {","    tmpfiles = [bufferOrPath];","    args[2] = '--TMPFILE--';","  }","","  if (options.clientKeyPassword) {","    args.push('-passout');","    args.push('pass:' + options.clientKeyPassword);","  } else {","    args.push('-nodes');","  }","","  execBinaryOpenSSL(args, tmpfiles, function (error, stdout) {","    var keybundle = {};","","    if (error && error.message.indexOf('No such file or directory') !== -1) {","      error.code = 'ENOENT';","    }","","    if (!error) {","      var certs = readFromString(stdout, CERT_START, CERT_END);","      keybundle.cert = certs.shift();","      keybundle.ca = certs;","      keybundle.key = readFromString(stdout, KEY_START, KEY_END).pop();","","      if (keybundle.key) {","        // convert to RSA key","        return execOpenSSL(['rsa', '-in', '--TMPFILE--'], 'RSA PRIVATE KEY', [keybundle.key], function (error, key) {","          keybundle.key = key;","","          return callback(error, keybundle);","        });","      }","","      if (options.clientKeyPassword) {","        keybundle.key = readFromString(stdout, ENCRYPTED_KEY_START, ENCRYPTED_KEY_END).pop();","      } else {","        keybundle.key = readFromString(stdout, RSA_KEY_START, RSA_KEY_END).pop();","      }","    }","","    return callback(error, keybundle);","  });","}","","/**"," * Verifies the signing chain of the passed certificate"," *"," * @param {String} PEM encoded certificate"," * @param {Array} List of CA certificates"," * @param {Function} callback Callback function with an error object and a boolean valid"," */","function verifySigningChain(certificate, ca, callback) {","    if (!Array.isArray(ca)) {","        ca = [ca];","    }","","    var files = [","      ca.join('\\n'),","      certificate","    ];","","    var params = ['verify',","        '-CAfile',","        '--TMPFILE--',","        '--TMPFILE--'","    ];","","    spawnWrapper(params, files, function(err, code, stdout) {","        if (err) {","            return callback(err);","        }","","        callback(null, stdout.trim().slice(-4) === ': OK');","    });","}","","// HELPER FUNCTIONS","","function fetchCertificateData(certData, callback) {","    certData = (certData || '').toString();","    var serial, subject, subject2, extra, tmp, issuer, issuer2, certValues = {issuer:{}};","    var validity = {};","    var san;","","    if ((serial = certData.match(/Serial Number:\\s*([^\\n]*)\\n/)) && serial.length > 1) {","        certValues.serial = serial[1];","    }","","    if ((subject = certData.match(/Subject:([^\\n]*)\\n/)) && subject.length > 1) {","        subject2 = linebrakes(subject[1] + '\\n');","        subject = subject[1];","        extra = subject.split('/');","        subject = extra.shift() + '\\n';","        extra = extra.join('/') + '\\n';","","        // country","        tmp = subject2.match(/\\sC=([^\\n].*?)[\\n]/);","        certValues.country = tmp && tmp[1] || '';","        // state","        tmp = subject2.match(/\\sST=([^\\n].*?)[\\n]/);","        certValues.state = tmp && tmp[1] || '';","        // locality","        tmp = subject2.match(/\\sL=([^\\n].*?)[\\n]/);","        certValues.locality = tmp && tmp[1] || '';","        // organization","        tmp = subject2.match(/\\sO=([^\\n].*?)[\\n]/);","        certValues.organization = tmp && tmp[1] || '';","        // unit","        tmp = subject2.match(/\\sOU=([^\\n].*?)[\\n]/);","        certValues.organizationUnit = tmp && tmp[1] || '';","        // common name","        tmp = subject2.match(/\\sCN=([^\\n].*?)[\\n]/);","        certValues.commonName = tmp && tmp[1] || '';","        //email","        tmp = extra.match(/emailAddress=([^\\n\\/].*?)[\\n\\/]/);","        certValues.emailAddress = tmp && tmp[1] || '';","        // DC name","        tmp = subject2.match(/\\sDC=([^\\n].*?)[\\n]/);","        certValues.dc = tmp && tmp[1] || '';","    }","","    if ((issuer = certData.match(/Issuer:([^\\n]*)\\n/)) && issuer.length > 1) {","        issuer2 = linebrakes(issuer[1] + '\\n');","        issuer = issuer[1];","        // country","        tmp = issuer2.match(/\\sC=([^\\n].*?)[\\n]/);","        certValues.issuer.country = tmp && tmp[1] || '';","        // state","        tmp = issuer2.match(/\\sST=([^\\n].*?)[\\n]/);","        certValues.issuer.state = tmp && tmp[1] || '';","        // locality","        tmp = issuer2.match(/\\sL=([^\\n].*?)[\\n]/);","        certValues.issuer.locality = tmp && tmp[1] || '';","        // organization","        tmp = issuer2.match(/\\sO=([^\\n].*?)[\\n]/);","        certValues.issuer.organization = tmp && tmp[1] || '';","        // unit","        tmp = issuer2.match(/\\sOU=([^\\n].*?)[\\n]/);","        certValues.issuer.organizationUnit = tmp && tmp[1] || '';","        // common name","        tmp = issuer2.match(/\\sCN=([^\\n].*?)[\\n]/);","        certValues.issuer.commonName = tmp && tmp[1] || '';","        // DC","        tmp = issuer2.match(/\\sDC=([^\\n].*?)[\\n]/);","        certValues.issuer.dc = tmp && tmp[1] || '';","    }","","    if ((san = certData.match(/X509v3 Subject Alternative Name: \\n([^\\n]*)\\n/)) && san.length > 1) {","        san = san[1].trim() + '\\n';","        certValues.san = {};","        // country","        tmp = preg_match_all('DNS:([^,\\\\n].*?)[,\\\\n]', san);","        certValues.san.dns = tmp || '';","        // country","        tmp = preg_match_all('IP Address:([^,\\\\n].*?)[,\\\\n\\\\s]', san);","        certValues.san.ip = tmp || '';","    }","","    if ((tmp = certData.match(/Not Before\\s?:\\s?([^\\n]*)\\n/)) && tmp.length > 1) {","        validity.start = Date.parse(tmp && tmp[1] || '');","    }","","    if ((tmp = certData.match(/Not After\\s?:\\s?([^\\n]*)\\n/)) && tmp.length > 1) {","        validity.end = Date.parse(tmp && tmp[1] || '');","    }","","    if (validity.start && validity.end) {","        certValues.validity = validity;","    }","    callback(null, certValues);","}","","","function linebrakes(content) {","    var helper_x, subject, type;","    helper_x = content.replace(/(C|L|O|OU|ST|CN|DC)=/g, '\\n$1=');","    helper_x = preg_match_all('((C|L|O|OU|ST|CN|DC)=[^\\n].*)', helper_x);","    for (var p=0; p<helper_x.length; p++) {","        subject = helper_x[p].trim();","        type = subject.split('=');","        if(type[1].substring(0, 4) !== 'http'){","            content = subject.split('/');","        }else{","            content = [];","            content.push(subject);","        }","        subject = content.shift();","        helper_x[p] = rtrim(subject, ',');","    }","    return ' ' + helper_x.join('\\n') + '\\n';","}","","function rtrim(str, charlist) {","    charlist = !charlist ? ' \\\\s\\u00A0' : (charlist + '')","        .replace(/([\\[\\]\\(\\)\\.\\?\\/\\*\\{\\}\\+\\$\\^\\:])/g, '\\\\$1');","    var re = new RegExp('[' + charlist + ']+$', 'g');","    return (str + '')","        .replace(re, '');","}","","function preg_match_all(regex, haystack) {","    var globalRegex = new RegExp(regex, 'g');","    var globalMatch = haystack.match(globalRegex) || [];","    var matchArray = [],","        nonGlobalRegex, nonGlobalMatch;","    for (var i=0; i<globalMatch.length; i++) {","        nonGlobalRegex = new RegExp(regex);","        nonGlobalMatch = globalMatch[i].match(nonGlobalRegex);","        matchArray.push(nonGlobalMatch[1]);","    }","    return matchArray;","}","","function generateCSRSubject(options) {","","    options = options || {};","","    var csrData = {","            C: options.country || options.C,","            ST: options.state || options.ST,","            L: options.locality || options.L,","            O: options.organization || options.O,","            OU: options.organizationUnit || options.OU,","            CN: options.commonName || options.CN || 'localhost',","            DC: options.dc || options.DC || '',","            emailAddress: options.emailAddress","    };","","    var csrBuilder = Object.keys(csrData).map(function(key) {","        if (csrData[key]) {","            return '/' + key + '=' + csrData[key].replace(/[^\\w \\.\\*\\-\\,@']+/g, ' ').trim();","        }","    });","","    return csrBuilder.join('');","}","","function readFromString(string, start, end) {","  if (Buffer.isBuffer(string)) {","    string = string.toString('utf8');","  }","","  var output = [];","","  if (!string) {","    return output;","  }","","  var offset = string.indexOf(start);","","  while (offset !== -1) {","    string = string.substring(offset);","","    var endOffset = string.indexOf(end);","","    if (endOffset === -1) {","      break;","    }","","    endOffset += end.length;","","    output.push(string.substring(0, endOffset));","    offset = string.indexOf(start, endOffset);","  }","","  return output;","}","","/**"," * Generically spawn openSSL, without processing the result"," *"," * @param {Array}        params   The parameters to pass to openssl"," * @param {Boolean}      binary   Output of openssl is binary or text"," * @param {Function}     callback Called with (error, exitCode, stdout, stderr)"," */","function spawnOpenSSL(params, binary, callback) {","    var pathBin = pathOpenSSL || process.env.OPENSSL_BIN || 'openssl';","","    testOpenSSLPath(pathBin, function(err) {","        if (err) {","            return callback(err);","        }","        var openssl = spawn(pathBin, params),","            stderr = '';","","        var stdout = (binary ? new Buffer(0) : '');","        openssl.stdout.on('data', function(data) {","            if(!binary){","                stdout += (data || '').toString('binary');","            }","            else{","                stdout = Buffer.concat([stdout, data]);","            }","        });","","        openssl.stderr.on('data', function(data) {","            stderr += (data || '').toString('binary');","        });","        // We need both the return code and access to all of stdout.  Stdout isn't","        // *really* available until the close event fires; the timing nuance was","        // making this fail periodically.","        var needed = 2; // wait for both exit and close.","        var code = -1;","        var finished = false;","        var done = function(err) {","            if (finished) {","                return;","            }","","            if (err) {","                finished = true;","                return callback(err);","            }","","            if (--needed < 1) {","                finished = true;","                if (code) {","                    callback(new Error('Invalid openssl exit code: ' + code + '\\n% openssl ' + params.join(' ') + '\\n' + stderr), code);","                } else {","                    callback(null, code, stdout, stderr);","                }","            }","        };","","        openssl.on('error', done);","","        openssl.on('exit', function(ret) {","            code = ret;","            done();","        });","","        openssl.on('close', function() {","            stdout = (binary ? stdout : new Buffer(stdout, 'binary').toString('utf-8'));","            stderr = new Buffer(stderr, 'binary').toString('utf-8');","            done();","        });","    });","}","","function spawnWrapper(params, tmpfiles, binary, callback) {","    if (!callback && typeof binary === 'function') {","        callback = binary;","        binary = false;","    }","","    var files = [];","","    if (tmpfiles) {","        tmpfiles = [].concat(tmpfiles || []);","        params.forEach(function(value, i) {","            var fpath;","            if (value === '--TMPFILE--') {","                fpath = pathlib.join(tempDir, crypto.randomBytes(20).toString('hex'));","                files.push({","                    path: fpath,","                    contents: tmpfiles.shift()","                });","                params[i] = fpath;","            }","        });","    }","","    files.forEach(function(file) {","        fs.writeFileSync(file.path, file.contents);","    });","","    spawnOpenSSL(params, binary, function(err, code, stdout, stderr) {","        files.forEach(function(file) {","            fs.unlinkSync(file.path);","        });","        callback(err, code, stdout, stderr);","    });","}","","/**"," * Spawn an openssl command"," */","function execOpenSSL(params, searchStr, tmpfiles, callback) {","    if (!callback && typeof tmpfiles === 'function') {","        callback = tmpfiles;","        tmpfiles = false;","    }","","    spawnWrapper(params, tmpfiles, function(err, code, stdout, stderr) {","        var start, end;","","        if (err) {","            return callback(err);","        }","","        if ((start = stdout.match(new RegExp('\\\\-+BEGIN ' + searchStr + '\\\\-+$', 'm')))) {","            start = start.index;","        } else {","            start = -1;","        }","","        if ((end = stdout.match(new RegExp('^\\\\-+END ' + searchStr + '\\\\-+', 'm')))) {","            end = end.index + (end[0] || '').length;","        } else {","            end = -1;","        }","","        if (start >= 0 && end >= 0) {","            return callback(null, stdout.substring(start, end));","        } else {","            return callback(new Error(searchStr + ' not found from openssl output:\\n---stdout---\\n' + stdout + '\\n---stderr---\\n' + stderr + '\\ncode: ' + code));","        }","    });","}","","/**"," *  Spawn an openssl command and get binary output"," **/"," function execBinaryOpenSSL(params, tmpfiles, callback){","    if (!callback && typeof tmpfiles === 'function') {","        callback = tmpfiles;","        tmpfiles = false;","    }","    spawnWrapper(params, tmpfiles, true, function(err, code, stdout) {","        if(err) {","            return callback(err);","        }","        return callback(null, stdout);","    });"," }","","/**"," * Validates the pathBin for the openssl command."," *"," * @param {String} pathBin The path to OpenSSL Bin"," * @param {Function} callback Callback function with an error object"," */","function testOpenSSLPath(pathBin, callback) {","    which(pathBin, function(error) {","        if (error) {","            return callback(new Error('Could not find openssl on your system on this path: ' + pathBin));","        }","","        callback();","    });","}",""],"l":{"3":1,"4":1,"5":1,"6":1,"7":1,"8":1,"9":1,"10":1,"11":1,"13":1,"14":1,"15":1,"16":1,"17":1,"18":1,"19":1,"20":1,"21":1,"22":1,"23":1,"24":1,"25":1,"27":1,"28":1,"29":1,"30":1,"31":1,"32":1,"33":1,"34":1,"45":1,"46":0,"47":0,"48":0,"49":0,"50":0,"52":0,"53":0,"54":0,"57":0,"59":0,"63":0,"65":0,"66":0,"67":0,"68":0,"69":0,"70":0,"73":0,"75":0,"76":1,"77":0,"78":0,"80":0,"85":0,"86":0,"87":0,"91":0,"103":1,"104":0,"105":0,"106":0,"109":0,"111":0,"117":0,"118":0,"119":0,"121":0,"148":1,"149":0,"150":0,"151":0,"154":0,"157":0,"158":0,"159":0,"160":0,"161":0,"165":0,"166":0,"167":0,"168":0,"170":0,"171":0,"173":0,"176":0,"181":0,"182":0,"183":0,"186":0,"187":0,"190":0,"191":0,"193":0,"194":0,"196":0,"197":0,"198":0,"199":0,"200":0,"201":0,"202":0,"203":0,"206":0,"220":0,"221":0,"222":0,"223":0,"224":0,"225":0,"228":0,"229":1,"230":0,"231":0,"233":0,"239":0,"240":0,"241":0,"245":0,"267":1,"268":0,"269":0,"270":0,"273":0,"275":0,"276":0,"277":0,"278":0,"280":0,"281":0,"282":0,"283":0,"285":0,"288":0,"290":0,"291":0,"293":0,"294":0,"295":0,"297":0,"298":0,"300":0,"304":0,"312":0,"314":0,"316":0,"317":0,"318":0,"319":0,"320":0,"321":0,"322":0,"324":0,"326":0,"327":0,"328":0,"330":0,"331":0,"333":0,"334":0,"335":0,"336":0,"337":0,"339":0,"342":0,"343":0,"344":0,"345":0,"346":0,"347":0,"348":0,"349":0,"350":0,"353":0,"354":0,"355":0,"358":0,"359":0,"360":0,"362":0,"368":0,"378":1,"379":0,"380":0,"381":0,"384":0,"386":0,"388":0,"389":0,"395":0,"396":0,"402":0,"410":0,"411":0,"412":0,"414":0,"426":1,"427":0,"428":0,"429":0,"432":0,"434":0,"441":0,"442":0,"443":0,"445":0,"456":1,"457":0,"458":0,"459":0,"462":0,"464":0,"465":0,"466":0,"467":0,"468":0,"470":0,"472":0,"479":0,"480":0,"481":0,"484":0,"485":0,"486":0,"488":0,"489":0,"490":0,"494":0,"505":1,"506":0,"508":0,"515":0,"516":0,"517":0,"520":0,"521":0,"523":0,"524":0,"527":0,"528":0,"529":0,"530":0,"534":0,"535":0,"538":0,"539":0,"542":0,"550":1,"551":0,"552":0,"562":1,"564":0,"565":0,"566":0,"569":0,"571":0,"579":0,"580":0,"581":0,"583":0,"584":0,"585":0,"589":0,"603":1,"604":0,"605":0,"606":0,"609":0,"610":0,"611":0,"612":0,"614":0,"615":0,"616":0,"618":0,"619":0,"621":0,"622":0,"623":0,"624":0,"626":0,"628":0,"629":0,"631":0,"632":0,"635":0,"636":0,"637":0,"639":0,"645":1,"646":0,"647":0,"648":0,"651":0,"653":0,"654":0,"656":0,"657":0,"658":0,"661":0,"662":0,"663":0,"665":0,"668":0,"669":0,"671":0,"672":0,"675":0,"676":0,"677":0,"678":0,"679":0,"681":0,"683":0,"684":0,"686":0,"690":0,"691":0,"693":0,"697":0,"708":1,"709":0,"710":0,"713":0,"718":0,"724":0,"725":0,"726":0,"729":0,"735":1,"736":0,"737":0,"738":0,"739":0,"741":0,"742":0,"745":0,"746":0,"747":0,"748":0,"749":0,"750":0,"753":0,"754":0,"756":0,"757":0,"759":0,"760":0,"762":0,"763":0,"765":0,"766":0,"768":0,"769":0,"771":0,"772":0,"774":0,"775":0,"778":0,"779":0,"780":0,"782":0,"783":0,"785":0,"786":0,"788":0,"789":0,"791":0,"792":0,"794":0,"795":0,"797":0,"798":0,"800":0,"801":0,"804":0,"805":0,"806":0,"808":0,"809":0,"811":0,"812":0,"815":0,"816":0,"819":0,"820":0,"823":0,"824":0,"826":0,"830":1,"831":0,"832":0,"833":0,"834":0,"835":0,"836":0,"837":0,"838":0,"840":0,"841":0,"843":0,"844":0,"846":0,"849":1,"850":0,"852":0,"853":0,"857":1,"858":0,"859":0,"860":0,"862":0,"863":0,"864":0,"865":0,"867":0,"870":1,"872":0,"874":0,"885":0,"886":0,"887":0,"891":0,"894":1,"895":0,"896":0,"899":0,"901":0,"902":0,"905":0,"907":0,"908":0,"910":0,"912":0,"913":0,"916":0,"918":0,"919":0,"922":0,"932":1,"933":0,"935":0,"936":0,"937":0,"939":0,"942":0,"943":0,"944":0,"945":0,"948":0,"952":0,"953":0,"958":0,"959":0,"960":0,"961":0,"962":0,"963":0,"966":0,"967":0,"968":0,"971":0,"972":0,"973":0,"974":0,"976":0,"981":0,"983":0,"984":0,"985":0,"988":0,"989":0,"990":0,"991":0,"996":1,"997":0,"998":0,"999":0,"1002":0,"1004":0,"1005":0,"1006":0,"1007":0,"1008":0,"1009":0,"1010":0,"1014":0,"1019":0,"1020":0,"1023":0,"1024":0,"1025":0,"1027":0,"1034":1,"1035":0,"1036":0,"1037":0,"1040":0,"1041":0,"1043":0,"1044":0,"1047":0,"1048":0,"1050":0,"1053":0,"1054":0,"1056":0,"1059":0,"1060":0,"1062":0,"1070":1,"1071":0,"1072":0,"1073":0,"1075":0,"1076":0,"1077":0,"1079":0,"1089":1,"1090":0,"1091":0,"1092":0,"1095":0}},"/home/travis/build/npmtest/node-npmtest-pem/node_modules/pem/Gruntfile.js":{"path":"/home/travis/build/npmtest/node-npmtest-pem/node_modules/pem/Gruntfile.js","s":{"1":1,"2":0,"3":0,"4":0,"5":0},"b":{},"f":{"1":0},"fnMap":{"1":{"name":"(anonymous_1)","line":3,"loc":{"start":{"line":3,"column":17},"end":{"line":3,"column":33}}}},"statementMap":{"1":{"start":{"line":3,"column":0},"end":{"line":24,"column":2}},"2":{"start":{"line":5,"column":4},"end":{"line":16,"column":7}},"3":{"start":{"line":19,"column":4},"end":{"line":19,"column":47}},"4":{"start":{"line":20,"column":4},"end":{"line":20,"column":49}},"5":{"start":{"line":23,"column":4},"end":{"line":23,"column":58}}},"branchMap":{},"code":["'use strict';","","module.exports = function(grunt) {","    // Project configuration.","    grunt.initConfig({","        jshint: {","            all: ['lib/*.js', 'test/*.js', 'Gruntfile.js'],","            options: {","                jshintrc: '.jshintrc'","            }","        },","","        nodeunit: {","            all: 'test/pem.js'","        }","    });","","    // Load the plugin(s)","    grunt.loadNpmTasks('grunt-contrib-jshint');","    grunt.loadNpmTasks('grunt-contrib-nodeunit');","","    // Tasks","    grunt.registerTask('default', ['jshint', 'nodeunit']);","};"],"l":{"3":1,"5":0,"19":0,"20":0,"23":0}}}